TN:
SF:/home/sylvain/Sources/IO/SDK/IO.SDK.Tests/AberrationTests.cpp
FN:3,_ZN24Aberration_ToString_Test8TestBodyEv
FN:3,_ZN24Aberration_ToString_TestD2Ev
FN:3,_ZN24Aberration_ToString_TestD0Ev
FN:3,_ZN24Aberration_ToString_TestC2Ev
FNDA:1,_ZN24Aberration_ToString_TestC2Ev
FNDA:1,_ZN24Aberration_ToString_TestD2Ev
FNDA:1,_ZN24Aberration_ToString_TestD0Ev
FNDA:1,_ZN24Aberration_ToString_Test8TestBodyEv
FNF:4
FNH:4
DA:3,4
DA:6,2
LF:2
LH:2
end_of_record
TN:
SF:/home/sylvain/Sources/IO/SDK/IO.SDK.Tests/ApogeeHeightChangingManeuverTests.cpp
FN:17,_ZN49ApogeeHeightChangingManeuverTests_CanExecute_TestD2Ev
FN:17,_ZN49ApogeeHeightChangingManeuverTests_CanExecute_TestD0Ev
FN:17,_ZN49ApogeeHeightChangingManeuverTests_CanExecute_TestC2Ev
FN:17,_ZN49ApogeeHeightChangingManeuverTests_CanExecute_Test8TestBodyEv
FN:48,_ZN59ApogeeHeightChangingManeuverTests_IncreaseApogeeHeight_TestD0Ev
FN:48,_ZN59ApogeeHeightChangingManeuverTests_IncreaseApogeeHeight_TestC2Ev
FN:48,_ZN59ApogeeHeightChangingManeuverTests_IncreaseApogeeHeight_TestD2Ev
FN:48,_ZN59ApogeeHeightChangingManeuverTests_IncreaseApogeeHeight_Test8TestBodyEv
FN:78,_ZN59ApogeeHeightChangingManeuverTests_DecreaseApogeeHeight_TestD0Ev
FN:78,_ZN59ApogeeHeightChangingManeuverTests_DecreaseApogeeHeight_TestC2Ev
FN:78,_ZN59ApogeeHeightChangingManeuverTests_DecreaseApogeeHeight_Test8TestBodyEv
FN:78,_ZN59ApogeeHeightChangingManeuverTests_DecreaseApogeeHeight_TestD2Ev
FNDA:1,_ZN59ApogeeHeightChangingManeuverTests_DecreaseApogeeHeight_TestC2Ev
FNDA:1,_ZN49ApogeeHeightChangingManeuverTests_CanExecute_TestD0Ev
FNDA:1,_ZN59ApogeeHeightChangingManeuverTests_IncreaseApogeeHeight_TestC2Ev
FNDA:1,_ZN59ApogeeHeightChangingManeuverTests_DecreaseApogeeHeight_Test8TestBodyEv
FNDA:1,_ZN59ApogeeHeightChangingManeuverTests_IncreaseApogeeHeight_TestD0Ev
FNDA:1,_ZN49ApogeeHeightChangingManeuverTests_CanExecute_TestD2Ev
FNDA:1,_ZN59ApogeeHeightChangingManeuverTests_DecreaseApogeeHeight_TestD0Ev
FNDA:1,_ZN59ApogeeHeightChangingManeuverTests_DecreaseApogeeHeight_TestD2Ev
FNDA:1,_ZN59ApogeeHeightChangingManeuverTests_IncreaseApogeeHeight_Test8TestBodyEv
FNDA:1,_ZN49ApogeeHeightChangingManeuverTests_CanExecute_TestC2Ev
FNDA:1,_ZN59ApogeeHeightChangingManeuverTests_IncreaseApogeeHeight_TestD2Ev
FNDA:1,_ZN49ApogeeHeightChangingManeuverTests_CanExecute_Test8TestBodyEv
FNF:12
FNH:12
DA:17,4
DA:19,1
DA:21,2
DA:22,2
DA:23,1
DA:24,2
DA:26,1
DA:27,1
DA:29,1
DA:31,1
DA:32,1
DA:33,1
DA:36,1
DA:39,1
DA:42,1
DA:45,1
DA:48,4
DA:50,1
DA:52,2
DA:53,2
DA:54,1
DA:55,2
DA:57,1
DA:58,1
DA:60,1
DA:63,1
DA:64,1
DA:65,1
DA:66,1
DA:68,1
DA:69,2
DA:71,1
DA:72,1
DA:73,1
DA:74,1
DA:75,1
DA:78,4
DA:80,1
DA:82,2
DA:83,2
DA:84,1
DA:85,2
DA:87,1
DA:88,1
DA:90,1
DA:93,1
DA:94,1
DA:95,1
DA:96,1
DA:98,1
DA:99,2
DA:101,1
DA:102,1
DA:103,1
DA:104,1
DA:105,1
LF:56
LH:56
end_of_record
TN:
SF:/home/sylvain/Sources/IO/SDK/IO.SDK.Tests/ApsidalAlignmentManeuverTests.cpp
FN:18,_ZN40ApsidalAlignmentManeuver_CanExecute_TestD2Ev
FN:18,_ZN40ApsidalAlignmentManeuver_CanExecute_TestD0Ev
FN:18,_ZN40ApsidalAlignmentManeuver_CanExecute_TestC2Ev
FN:18,_ZN40ApsidalAlignmentManeuver_CanExecute_Test8TestBodyEv
FN:61,_ZN38ApsidalAlignmentManeuver_ExecuteP_TestC2Ev
FN:61,_ZN38ApsidalAlignmentManeuver_ExecuteP_TestD2Ev
FN:61,_ZN38ApsidalAlignmentManeuver_ExecuteP_TestD0Ev
FN:61,_ZN38ApsidalAlignmentManeuver_ExecuteP_Test8TestBodyEv
FN:109,_ZN38ApsidalAlignmentManeuver_ExecuteQ_TestD2Ev
FN:109,_ZN38ApsidalAlignmentManeuver_ExecuteQ_TestD0Ev
FN:109,_ZN38ApsidalAlignmentManeuver_ExecuteQ_Test8TestBodyEv
FN:109,_ZN38ApsidalAlignmentManeuver_ExecuteQ_TestC2Ev
FNDA:1,_ZN38ApsidalAlignmentManeuver_ExecuteP_TestD0Ev
FNDA:1,_ZN38ApsidalAlignmentManeuver_ExecuteQ_TestC2Ev
FNDA:1,_ZN40ApsidalAlignmentManeuver_CanExecute_TestC2Ev
FNDA:1,_ZN38ApsidalAlignmentManeuver_ExecuteP_Test8TestBodyEv
FNDA:1,_ZN40ApsidalAlignmentManeuver_CanExecute_Test8TestBodyEv
FNDA:1,_ZN38ApsidalAlignmentManeuver_ExecuteQ_TestD0Ev
FNDA:1,_ZN38ApsidalAlignmentManeuver_ExecuteQ_TestD2Ev
FNDA:1,_ZN40ApsidalAlignmentManeuver_CanExecute_TestD2Ev
FNDA:1,_ZN38ApsidalAlignmentManeuver_ExecuteP_TestC2Ev
FNDA:1,_ZN38ApsidalAlignmentManeuver_ExecuteQ_Test8TestBodyEv
FNDA:1,_ZN38ApsidalAlignmentManeuver_ExecuteP_TestD2Ev
FNDA:1,_ZN40ApsidalAlignmentManeuver_CanExecute_TestD0Ev
FNF:12
FNH:12
DA:18,4
DA:20,1
DA:21,2
DA:22,2
DA:24,2
DA:26,1
DA:27,2
DA:29,1
DA:30,1
DA:32,1
DA:34,1
DA:35,1
DA:37,1
DA:40,1
DA:43,1
DA:46,1
DA:49,1
DA:52,1
DA:55,1
DA:58,1
DA:61,4
DA:63,1
DA:64,2
DA:65,2
DA:67,2
DA:69,1
DA:70,2
DA:72,1
DA:73,1
DA:75,1
DA:77,1
DA:78,1
DA:80,1
DA:83,1
DA:84,1
DA:87,1
DA:90,1
DA:93,1
DA:96,1
DA:98,1
DA:99,1
DA:100,1
DA:101,1
DA:103,1
DA:104,1
DA:105,1
DA:106,1
DA:109,4
DA:111,1
DA:112,2
DA:113,2
DA:115,2
DA:117,1
DA:118,2
DA:120,1
DA:121,1
DA:123,1
DA:125,1
DA:126,1
DA:128,1
DA:131,1
DA:132,1
DA:135,1
DA:138,1
DA:141,1
DA:144,1
DA:146,1
DA:147,1
DA:148,1
DA:149,1
DA:151,1
DA:152,1
DA:153,1
DA:154,1
LF:74
LH:74
end_of_record
TN:
SF:/home/sylvain/Sources/IO/SDK/IO.SDK.Tests/AzimuthRangeTests.cpp
FN:4,_ZN32AzimuthRange_Initialization_TestD2Ev
FN:4,_ZN32AzimuthRange_Initialization_TestC2Ev
FN:4,_ZN32AzimuthRange_Initialization_Test8TestBodyEv
FN:4,_ZN32AzimuthRange_Initialization_TestD0Ev
FN:13,_ZN23AzimuthRange_Span1_TestD2Ev
FN:13,_ZN23AzimuthRange_Span1_Test8TestBodyEv
FN:13,_ZN23AzimuthRange_Span1_TestD0Ev
FN:13,_ZN23AzimuthRange_Span1_TestC2Ev
FN:22,_ZN23AzimuthRange_Span2_TestC2Ev
FN:22,_ZN23AzimuthRange_Span2_Test8TestBodyEv
FN:22,_ZN23AzimuthRange_Span2_TestD0Ev
FN:22,_ZN23AzimuthRange_Span2_TestD2Ev
FN:31,_ZN23AzimuthRange_Span3_TestC2Ev
FN:31,_ZN23AzimuthRange_Span3_TestD0Ev
FN:31,_ZN23AzimuthRange_Span3_TestD2Ev
FN:31,_ZN23AzimuthRange_Span3_Test8TestBodyEv
FN:40,_ZN27AzimuthRange_IsInRange_TestC2Ev
FN:40,_ZN27AzimuthRange_IsInRange_Test8TestBodyEv
FN:40,_ZN27AzimuthRange_IsInRange_TestD2Ev
FN:40,_ZN27AzimuthRange_IsInRange_TestD0Ev
FN:52,_ZN28AzimuthRange_IsInRange2_TestC2Ev
FN:52,_ZN28AzimuthRange_IsInRange2_TestD2Ev
FN:52,_ZN28AzimuthRange_IsInRange2_TestD0Ev
FN:52,_ZN28AzimuthRange_IsInRange2_Test8TestBodyEv
FN:64,_ZN28AzimuthRange_IsInRange3_Test8TestBodyEv
FN:64,_ZN28AzimuthRange_IsInRange3_TestD0Ev
FN:64,_ZN28AzimuthRange_IsInRange3_TestC2Ev
FN:64,_ZN28AzimuthRange_IsInRange3_TestD2Ev
FN:75,_ZN28AzimuthRange_IsInRange4_TestD2Ev
FN:75,_ZN28AzimuthRange_IsInRange4_TestD0Ev
FN:75,_ZN28AzimuthRange_IsInRange4_Test8TestBodyEv
FN:75,_ZN28AzimuthRange_IsInRange4_TestC2Ev
FN:87,_ZN28AzimuthRange_IsInRange5_Test8TestBodyEv
FN:87,_ZN28AzimuthRange_IsInRange5_TestC2Ev
FN:87,_ZN28AzimuthRange_IsInRange5_TestD2Ev
FN:87,_ZN28AzimuthRange_IsInRange5_TestD0Ev
FN:99,_ZN31AzimuthRange_IsIntersected_Test8TestBodyEv
FN:99,_ZN31AzimuthRange_IsIntersected_TestD0Ev
FN:99,_ZN31AzimuthRange_IsIntersected_TestC2Ev
FN:99,_ZN31AzimuthRange_IsIntersected_TestD2Ev
FNDA:1,_ZN23AzimuthRange_Span3_TestD0Ev
FNDA:1,_ZN23AzimuthRange_Span2_TestC2Ev
FNDA:1,_ZN23AzimuthRange_Span2_Test8TestBodyEv
FNDA:1,_ZN28AzimuthRange_IsInRange5_Test8TestBodyEv
FNDA:1,_ZN28AzimuthRange_IsInRange3_TestD0Ev
FNDA:1,_ZN32AzimuthRange_Initialization_TestD2Ev
FNDA:1,_ZN27AzimuthRange_IsInRange_TestC2Ev
FNDA:1,_ZN28AzimuthRange_IsInRange4_TestD0Ev
FNDA:1,_ZN28AzimuthRange_IsInRange4_TestD2Ev
FNDA:1,_ZN28AzimuthRange_IsInRange3_Test8TestBodyEv
FNDA:1,_ZN23AzimuthRange_Span3_TestC2Ev
FNDA:1,_ZN28AzimuthRange_IsInRange2_TestC2Ev
FNDA:1,_ZN27AzimuthRange_IsInRange_Test8TestBodyEv
FNDA:1,_ZN23AzimuthRange_Span2_TestD0Ev
FNDA:1,_ZN32AzimuthRange_Initialization_TestC2Ev
FNDA:1,_ZN28AzimuthRange_IsInRange4_Test8TestBodyEv
FNDA:1,_ZN23AzimuthRange_Span1_Test8TestBodyEv
FNDA:1,_ZN23AzimuthRange_Span1_TestD2Ev
FNDA:1,_ZN31AzimuthRange_IsIntersected_Test8TestBodyEv
FNDA:1,_ZN31AzimuthRange_IsIntersected_TestD0Ev
FNDA:1,_ZN28AzimuthRange_IsInRange2_TestD0Ev
FNDA:1,_ZN28AzimuthRange_IsInRange5_TestC2Ev
FNDA:1,_ZN28AzimuthRange_IsInRange2_TestD2Ev
FNDA:1,_ZN23AzimuthRange_Span3_TestD2Ev
FNDA:1,_ZN28AzimuthRange_IsInRange3_TestC2Ev
FNDA:1,_ZN23AzimuthRange_Span1_TestD0Ev
FNDA:1,_ZN28AzimuthRange_IsInRange4_TestC2Ev
FNDA:1,_ZN23AzimuthRange_Span1_TestC2Ev
FNDA:1,_ZN28AzimuthRange_IsInRange5_TestD0Ev
FNDA:1,_ZN31AzimuthRange_IsIntersected_TestD2Ev
FNDA:1,_ZN23AzimuthRange_Span3_Test8TestBodyEv
FNDA:1,_ZN28AzimuthRange_IsInRange3_TestD2Ev
FNDA:1,_ZN23AzimuthRange_Span2_TestD2Ev
FNDA:1,_ZN27AzimuthRange_IsInRange_TestD0Ev
FNDA:1,_ZN28AzimuthRange_IsInRange5_TestD2Ev
FNDA:1,_ZN27AzimuthRange_IsInRange_TestD2Ev
FNDA:1,_ZN28AzimuthRange_IsInRange2_Test8TestBodyEv
FNDA:1,_ZN31AzimuthRange_IsIntersected_TestC2Ev
FNDA:1,_ZN32AzimuthRange_Initialization_TestD0Ev
FNDA:1,_ZN32AzimuthRange_Initialization_Test8TestBodyEv
FNF:40
FNH:40
DA:4,4
DA:6,1
DA:8,1
DA:9,1
DA:10,1
DA:13,4
DA:15,1
DA:17,1
DA:18,1
DA:19,1
DA:22,4
DA:24,1
DA:26,1
DA:27,1
DA:28,1
DA:31,4
DA:33,1
DA:35,1
DA:36,1
DA:37,1
DA:40,4
DA:42,1
DA:44,1
DA:45,1
DA:46,1
DA:47,1
DA:48,1
DA:49,1
DA:52,4
DA:54,1
DA:56,1
DA:57,1
DA:58,1
DA:59,1
DA:60,1
DA:61,1
DA:64,4
DA:66,1
DA:68,1
DA:69,1
DA:70,1
DA:71,1
DA:72,1
DA:75,4
DA:77,1
DA:79,1
DA:80,1
DA:81,1
DA:82,1
DA:83,1
DA:84,1
DA:87,4
DA:89,1
DA:91,1
DA:92,1
DA:93,1
DA:94,1
DA:95,1
DA:96,1
DA:99,4
DA:101,1
DA:103,1
DA:104,1
DA:105,1
DA:106,1
DA:108,1
DA:109,1
LF:67
LH:67
end_of_record
TN:
SF:/home/sylvain/Sources/IO/SDK/IO.SDK.Tests/BodyTests.cpp
FN:8,_ZN24Body_Initialization_TestD0Ev
FN:8,_ZN24Body_Initialization_Test8TestBodyEv
FN:8,_ZN24Body_Initialization_TestD2Ev
FN:8,_ZN24Body_Initialization_TestC2Ev
FN:18,_ZN20Body_Satellites_TestD0Ev
FN:18,_ZN20Body_Satellites_TestD2Ev
FN:18,_ZN20Body_Satellites_TestC2Ev
FN:18,_ZN20Body_Satellites_Test8TestBodyEv
FN:29,_ZN26Body_SubObserverPoint_TestD0Ev
FN:29,_ZN26Body_SubObserverPoint_TestD2Ev
FN:29,_ZN26Body_SubObserverPoint_TestC2Ev
FN:29,_ZN26Body_SubObserverPoint_Test8TestBodyEv
FN:41,_ZN23Body_SubSolarPoint_Test8TestBodyEv
FN:41,_ZN23Body_SubSolarPoint_TestC2Ev
FN:41,_ZN23Body_SubSolarPoint_TestD2Ev
FN:41,_ZN23Body_SubSolarPoint_TestD0Ev
FNDA:1,_ZN20Body_Satellites_Test8TestBodyEv
FNDA:1,_ZN24Body_Initialization_TestD2Ev
FNDA:1,_ZN23Body_SubSolarPoint_TestD2Ev
FNDA:1,_ZN23Body_SubSolarPoint_TestD0Ev
FNDA:1,_ZN24Body_Initialization_TestC2Ev
FNDA:1,_ZN23Body_SubSolarPoint_TestC2Ev
FNDA:1,_ZN20Body_Satellites_TestC2Ev
FNDA:1,_ZN24Body_Initialization_Test8TestBodyEv
FNDA:1,_ZN24Body_Initialization_TestD0Ev
FNDA:1,_ZN26Body_SubObserverPoint_TestC2Ev
FNDA:1,_ZN20Body_Satellites_TestD2Ev
FNDA:1,_ZN26Body_SubObserverPoint_TestD2Ev
FNDA:1,_ZN26Body_SubObserverPoint_Test8TestBodyEv
FNDA:1,_ZN20Body_Satellites_TestD0Ev
FNDA:1,_ZN23Body_SubSolarPoint_Test8TestBodyEv
FNDA:1,_ZN26Body_SubObserverPoint_TestD0Ev
FNF:16
FNH:16
DA:8,4
DA:10,1
DA:11,2
DA:12,1
DA:13,2
DA:14,1
DA:15,1
DA:18,4
DA:20,1
DA:21,1
DA:24,1
DA:25,1
DA:26,1
DA:29,4
DA:31,1
DA:32,1
DA:33,1
DA:35,1
DA:36,1
DA:37,1
DA:38,1
DA:41,4
DA:43,1
DA:44,1
DA:45,1
DA:47,1
DA:48,1
DA:49,1
DA:50,1
LF:29
LH:29
end_of_record
TN:
SF:/home/sylvain/Sources/IO/SDK/IO.SDK.Tests/CelestialBodyTests.cpp
FN:14,_ZN36CelestialBody_SphereOfInfluence_TestD0Ev
FN:14,_ZN36CelestialBody_SphereOfInfluence_TestD2Ev
FN:14,_ZN36CelestialBody_SphereOfInfluence_TestC2Ev
FN:14,_ZN36CelestialBody_SphereOfInfluence_Test8TestBodyEv
FN:27,_ZN29CelestialBody_HillSphere_TestD2Ev
FN:27,_ZN29CelestialBody_HillSphere_TestD0Ev
FN:27,_ZN29CelestialBody_HillSphere_TestC2Ev
FN:27,_ZN29CelestialBody_HillSphere_Test8TestBodyEv
FN:40,_ZN33CelestialBody_GetStateVector_TestD2Ev
FN:40,_ZN33CelestialBody_GetStateVector_Test8TestBodyEv
FN:40,_ZN33CelestialBody_GetStateVector_TestD0Ev
FN:40,_ZN33CelestialBody_GetStateVector_TestC2Ev
FN:55,_ZN41CelestialBody_GetRelativeStateVector_TestD0Ev
FN:55,_ZN41CelestialBody_GetRelativeStateVector_Test8TestBodyEv
FN:55,_ZN41CelestialBody_GetRelativeStateVector_TestD2Ev
FN:55,_ZN41CelestialBody_GetRelativeStateVector_TestC2Ev
FN:67,_ZN40CelestialBody_IsInSphereOfInfluence_TestD2Ev
FN:67,_ZN40CelestialBody_IsInSphereOfInfluence_TestD0Ev
FN:67,_ZN40CelestialBody_IsInSphereOfInfluence_Test8TestBodyEv
FN:67,_ZN40CelestialBody_IsInSphereOfInfluence_TestC2Ev
FN:80,_ZN33CelestialBody_IsInHillSphere_Test8TestBodyEv
FN:80,_ZN33CelestialBody_IsInHillSphere_TestC2Ev
FN:80,_ZN33CelestialBody_IsInHillSphere_TestD2Ev
FN:80,_ZN33CelestialBody_IsInHillSphere_TestD0Ev
FN:93,_ZN27CelestialBody_GetRadii_Test8TestBodyEv
FN:93,_ZN27CelestialBody_GetRadii_TestD0Ev
FN:93,_ZN27CelestialBody_GetRadii_TestD2Ev
FN:93,_ZN27CelestialBody_GetRadii_TestC2Ev
FN:101,_ZN32CelestialBody_GetFlattening_TestD2Ev
FN:101,_ZN32CelestialBody_GetFlattening_Test8TestBodyEv
FN:101,_ZN32CelestialBody_GetFlattening_TestD0Ev
FN:101,_ZN32CelestialBody_GetFlattening_TestC2Ev
FN:109,_ZN37CelestialBody_GetAngularVelocity_TestD2Ev
FN:109,_ZN37CelestialBody_GetAngularVelocity_TestD0Ev
FN:109,_ZN37CelestialBody_GetAngularVelocity_TestC2Ev
FN:109,_ZN37CelestialBody_GetAngularVelocity_Test8TestBodyEv
FN:117,_ZN43CelestialBody_GetSideralRotationPeriod_TestD2Ev
FN:117,_ZN43CelestialBody_GetSideralRotationPeriod_TestD0Ev
FN:117,_ZN43CelestialBody_GetSideralRotationPeriod_Test8TestBodyEv
FN:117,_ZN43CelestialBody_GetSideralRotationPeriod_TestC2Ev
FN:125,_ZN41CelestialBody_FindDistanceConstraint_TestC2Ev
FN:125,_ZN41CelestialBody_FindDistanceConstraint_TestD2Ev
FN:125,_ZN41CelestialBody_FindDistanceConstraint_Test8TestBodyEv
FN:125,_ZN41CelestialBody_FindDistanceConstraint_TestD0Ev
FN:142,_ZN44CelestialBody_FindOccultationConstraint_TestC2Ev
FN:142,_ZN44CelestialBody_FindOccultationConstraint_Test8TestBodyEv
FN:142,_ZN44CelestialBody_FindOccultationConstraint_TestD2Ev
FN:142,_ZN44CelestialBody_FindOccultationConstraint_TestD0Ev
FNDA:1,_ZN43CelestialBody_GetSideralRotationPeriod_TestD2Ev
FNDA:1,_ZN37CelestialBody_GetAngularVelocity_TestC2Ev
FNDA:1,_ZN29CelestialBody_HillSphere_TestC2Ev
FNDA:1,_ZN33CelestialBody_GetStateVector_TestD0Ev
FNDA:1,_ZN44CelestialBody_FindOccultationConstraint_TestD2Ev
FNDA:1,_ZN33CelestialBody_IsInHillSphere_Test8TestBodyEv
FNDA:1,_ZN43CelestialBody_GetSideralRotationPeriod_Test8TestBodyEv
FNDA:1,_ZN29CelestialBody_HillSphere_TestD2Ev
FNDA:1,_ZN43CelestialBody_GetSideralRotationPeriod_TestD0Ev
FNDA:1,_ZN29CelestialBody_HillSphere_TestD0Ev
FNDA:1,_ZN37CelestialBody_GetAngularVelocity_TestD2Ev
FNDA:1,_ZN41CelestialBody_GetRelativeStateVector_TestD0Ev
FNDA:1,_ZN33CelestialBody_GetStateVector_Test8TestBodyEv
FNDA:1,_ZN33CelestialBody_GetStateVector_TestD2Ev
FNDA:1,_ZN36CelestialBody_SphereOfInfluence_TestD0Ev
FNDA:1,_ZN32CelestialBody_GetFlattening_TestD2Ev
FNDA:1,_ZN44CelestialBody_FindOccultationConstraint_Test8TestBodyEv
FNDA:1,_ZN41CelestialBody_FindDistanceConstraint_TestD2Ev
FNDA:1,_ZN41CelestialBody_FindDistanceConstraint_Test8TestBodyEv
FNDA:1,_ZN44CelestialBody_FindOccultationConstraint_TestC2Ev
FNDA:1,_ZN41CelestialBody_FindDistanceConstraint_TestC2Ev
FNDA:1,_ZN37CelestialBody_GetAngularVelocity_TestD0Ev
FNDA:1,_ZN32CelestialBody_GetFlattening_TestC2Ev
FNDA:1,_ZN40CelestialBody_IsInSphereOfInfluence_Test8TestBodyEv
FNDA:1,_ZN40CelestialBody_IsInSphereOfInfluence_TestC2Ev
FNDA:1,_ZN40CelestialBody_IsInSphereOfInfluence_TestD0Ev
FNDA:1,_ZN33CelestialBody_IsInHillSphere_TestC2Ev
FNDA:1,_ZN36CelestialBody_SphereOfInfluence_TestD2Ev
FNDA:1,_ZN43CelestialBody_GetSideralRotationPeriod_TestC2Ev
FNDA:1,_ZN41CelestialBody_GetRelativeStateVector_TestC2Ev
FNDA:1,_ZN27CelestialBody_GetRadii_TestC2Ev
FNDA:1,_ZN33CelestialBody_IsInHillSphere_TestD0Ev
FNDA:1,_ZN36CelestialBody_SphereOfInfluence_Test8TestBodyEv
FNDA:1,_ZN33CelestialBody_IsInHillSphere_TestD2Ev
FNDA:1,_ZN37CelestialBody_GetAngularVelocity_Test8TestBodyEv
FNDA:1,_ZN41CelestialBody_FindDistanceConstraint_TestD0Ev
FNDA:1,_ZN36CelestialBody_SphereOfInfluence_TestC2Ev
FNDA:1,_ZN29CelestialBody_HillSphere_Test8TestBodyEv
FNDA:1,_ZN27CelestialBody_GetRadii_Test8TestBodyEv
FNDA:1,_ZN40CelestialBody_IsInSphereOfInfluence_TestD2Ev
FNDA:1,_ZN41CelestialBody_GetRelativeStateVector_TestD2Ev
FNDA:1,_ZN41CelestialBody_GetRelativeStateVector_Test8TestBodyEv
FNDA:1,_ZN44CelestialBody_FindOccultationConstraint_TestD0Ev
FNDA:1,_ZN32CelestialBody_GetFlattening_TestD0Ev
FNDA:1,_ZN27CelestialBody_GetRadii_TestD2Ev
FNDA:1,_ZN33CelestialBody_GetStateVector_TestC2Ev
FNDA:1,_ZN27CelestialBody_GetRadii_TestD0Ev
FNDA:1,_ZN32CelestialBody_GetFlattening_Test8TestBodyEv
FNF:48
FNH:48
DA:14,4
DA:16,1
DA:17,1
DA:19,1
DA:21,1
DA:23,1
DA:24,1
DA:27,4
DA:29,1
DA:30,1
DA:32,1
DA:34,1
DA:36,1
DA:37,1
DA:40,4
DA:42,1
DA:43,2
DA:44,1
DA:46,1
DA:47,1
DA:48,2
DA:51,1
DA:52,2
DA:55,4
DA:57,1
DA:58,2
DA:59,1
DA:60,1
DA:62,1
DA:63,1
DA:64,2
DA:67,4
DA:69,1
DA:70,2
DA:71,1
DA:72,1
DA:74,1
DA:76,1
DA:77,1
DA:80,4
DA:82,1
DA:83,2
DA:84,1
DA:85,1
DA:87,1
DA:89,1
DA:90,1
DA:93,4
DA:95,1
DA:96,2
DA:97,1
DA:98,1
DA:101,4
DA:103,1
DA:104,2
DA:105,1
DA:106,1
DA:109,4
DA:111,1
DA:112,2
DA:113,1
DA:114,1
DA:117,4
DA:119,1
DA:120,2
DA:121,1
DA:122,1
DA:125,4
DA:127,1
DA:128,2
DA:129,1
DA:130,1
DA:132,2
DA:133,1
DA:135,1
DA:136,2
DA:137,2
DA:138,2
DA:139,2
DA:142,4
DA:144,1
DA:145,2
DA:146,1
DA:147,1
DA:149,2
DA:150,1
DA:152,1
DA:153,2
DA:154,2
LF:89
LH:89
end_of_record
TN:
SF:/home/sylvain/Sources/IO/SDK/IO.SDK.Tests/CentrifugalForceTests.cpp
FN:12,_ZN33CentrifugalForce_SimpleCases_Test8TestBodyEv
FN:12,_ZN33CentrifugalForce_SimpleCases_TestC2Ev
FN:12,_ZN33CentrifugalForce_SimpleCases_TestD2Ev
FN:12,_ZN33CentrifugalForce_SimpleCases_TestD0Ev
FNDA:1,_ZN33CentrifugalForce_SimpleCases_Test8TestBodyEv
FNDA:1,_ZN33CentrifugalForce_SimpleCases_TestD2Ev
FNDA:1,_ZN33CentrifugalForce_SimpleCases_TestD0Ev
FNDA:1,_ZN33CentrifugalForce_SimpleCases_TestC2Ev
FNF:4
FNH:4
DA:12,4
DA:14,1
DA:16,1
DA:17,2
DA:18,1
DA:19,2
DA:21,1
DA:22,1
DA:23,1
LF:9
LH:9
end_of_record
TN:
SF:/home/sylvain/Sources/IO/SDK/IO.SDK.Tests/CombinedManeuverTests.cpp
FN:19,_ZN32CombinedManeuver_CanExecute_TestC2Ev
FN:19,_ZN32CombinedManeuver_CanExecute_TestD2Ev
FN:19,_ZN32CombinedManeuver_CanExecute_Test8TestBodyEv
FN:19,_ZN32CombinedManeuver_CanExecute_TestD0Ev
FN:45,_ZN59CombinedManeuver_TryExecuteWithPeregeeHigherThanApogee_TestC2Ev
FN:45,_ZN59CombinedManeuver_TryExecuteWithPeregeeHigherThanApogee_TestD2Ev
FN:45,_ZN59CombinedManeuver_TryExecuteWithPeregeeHigherThanApogee_Test8TestBodyEv
FN:45,_ZN59CombinedManeuver_TryExecuteWithPeregeeHigherThanApogee_TestD0Ev
FN:80,_ZN58CombinedManeuver_TryExecuteWithPeregeeLowerThanApogee_TestD2Ev
FN:80,_ZN58CombinedManeuver_TryExecuteWithPeregeeLowerThanApogee_TestD0Ev
FN:80,_ZN58CombinedManeuver_TryExecuteWithPeregeeLowerThanApogee_TestC2Ev
FN:80,_ZN58CombinedManeuver_TryExecuteWithPeregeeLowerThanApogee_Test8TestBodyEv
FNDA:1,_ZN32CombinedManeuver_CanExecute_TestC2Ev
FNDA:1,_ZN59CombinedManeuver_TryExecuteWithPeregeeHigherThanApogee_TestD2Ev
FNDA:1,_ZN59CombinedManeuver_TryExecuteWithPeregeeHigherThanApogee_TestC2Ev
FNDA:1,_ZN58CombinedManeuver_TryExecuteWithPeregeeLowerThanApogee_TestD2Ev
FNDA:1,_ZN32CombinedManeuver_CanExecute_Test8TestBodyEv
FNDA:1,_ZN32CombinedManeuver_CanExecute_TestD2Ev
FNDA:1,_ZN58CombinedManeuver_TryExecuteWithPeregeeLowerThanApogee_Test8TestBodyEv
FNDA:1,_ZN59CombinedManeuver_TryExecuteWithPeregeeHigherThanApogee_TestD0Ev
FNDA:1,_ZN32CombinedManeuver_CanExecute_TestD0Ev
FNDA:1,_ZN59CombinedManeuver_TryExecuteWithPeregeeHigherThanApogee_Test8TestBodyEv
FNDA:1,_ZN58CombinedManeuver_TryExecuteWithPeregeeLowerThanApogee_TestD0Ev
FNDA:1,_ZN58CombinedManeuver_TryExecuteWithPeregeeLowerThanApogee_TestC2Ev
FNF:12
FNH:12
DA:19,4
DA:21,1
DA:22,2
DA:24,2
DA:26,1
DA:27,2
DA:29,1
DA:30,1
DA:32,1
DA:34,1
DA:35,1
DA:37,1
DA:39,1
DA:40,1
DA:41,1
DA:42,1
DA:45,4
DA:47,1
DA:48,2
DA:50,2
DA:52,1
DA:53,2
DA:55,1
DA:56,1
DA:58,1
DA:60,1
DA:61,1
DA:63,1
DA:66,1
DA:67,1
DA:70,1
DA:72,1
DA:73,1
DA:74,1
DA:75,1
DA:76,1
DA:77,1
DA:80,4
DA:82,1
DA:83,2
DA:85,2
DA:87,1
DA:88,2
DA:90,1
DA:91,1
DA:93,1
DA:95,1
DA:96,1
DA:98,1
DA:101,1
DA:102,1
DA:105,1
DA:107,1
DA:108,1
DA:109,1
DA:110,1
DA:111,1
DA:112,1
LF:58
LH:58
end_of_record
TN:
SF:/home/sylvain/Sources/IO/SDK/IO.SDK.Tests/ConicOrbitalElementsTests.cpp
FN:14,_ZN40ConicOrbitalElements_Initialization_TestD0Ev
FN:14,_ZN40ConicOrbitalElements_Initialization_TestC2Ev
FN:14,_ZN40ConicOrbitalElements_Initialization_TestD2Ev
FN:14,_ZN40ConicOrbitalElements_Initialization_Test8TestBodyEv
FN:47,_ZN40ConicOrbitalElements_GetMeanAnomaly_Test8TestBodyEv
FN:47,_ZN40ConicOrbitalElements_GetMeanAnomaly_TestC2Ev
FN:47,_ZN40ConicOrbitalElements_GetMeanAnomaly_TestD0Ev
FN:47,_ZN40ConicOrbitalElements_GetMeanAnomaly_TestD2Ev
FN:70,_ZN45ConicOrbitalElements_GetEccentricAnomaly_TestC2Ev
FN:70,_ZN45ConicOrbitalElements_GetEccentricAnomaly_TestD0Ev
FN:70,_ZN45ConicOrbitalElements_GetEccentricAnomaly_Test8TestBodyEv
FN:70,_ZN45ConicOrbitalElements_GetEccentricAnomaly_TestD2Ev
FN:85,_ZN40ConicOrbitalElements_GetTrueAnomaly_TestD2Ev
FN:85,_ZN40ConicOrbitalElements_GetTrueAnomaly_Test8TestBodyEv
FN:85,_ZN40ConicOrbitalElements_GetTrueAnomaly_TestC2Ev
FN:85,_ZN40ConicOrbitalElements_GetTrueAnomaly_TestD0Ev
FN:100,_ZN46ConicOrbitalElements_GetTimeToMeanAnomaly_TestD0Ev
FN:100,_ZN46ConicOrbitalElements_GetTimeToMeanAnomaly_TestD2Ev
FN:100,_ZN46ConicOrbitalElements_GetTimeToMeanAnomaly_TestC2Ev
FN:100,_ZN46ConicOrbitalElements_GetTimeToMeanAnomaly_Test8TestBodyEv
FN:112,_ZN46ConicOrbitalElements_GetTimeToTrueAnomaly_Test8TestBodyEv
FN:112,_ZN46ConicOrbitalElements_GetTimeToTrueAnomaly_TestC2Ev
FN:112,_ZN46ConicOrbitalElements_GetTimeToTrueAnomaly_TestD0Ev
FN:112,_ZN46ConicOrbitalElements_GetTimeToTrueAnomaly_TestD2Ev
FN:130,_ZN40ConicOrbitalElements_GetStateVector_Test8TestBodyEv
FN:130,_ZN40ConicOrbitalElements_GetStateVector_TestC2Ev
FN:130,_ZN40ConicOrbitalElements_GetStateVector_TestD0Ev
FN:130,_ZN40ConicOrbitalElements_GetStateVector_TestD2Ev
FN:161,_ZN38ConicOrbitalElements_IsElliptical_TestC2Ev
FN:161,_ZN38ConicOrbitalElements_IsElliptical_Test8TestBodyEv
FN:161,_ZN38ConicOrbitalElements_IsElliptical_TestD2Ev
FN:161,_ZN38ConicOrbitalElements_IsElliptical_TestD0Ev
FN:170,_ZN38ConicOrbitalElements_IsHyperbolic_TestC2Ev
FN:170,_ZN38ConicOrbitalElements_IsHyperbolic_Test8TestBodyEv
FN:170,_ZN38ConicOrbitalElements_IsHyperbolic_TestD0Ev
FN:170,_ZN38ConicOrbitalElements_IsHyperbolic_TestD2Ev
FN:179,_ZN37ConicOrbitalElements_IsParabolic_TestC2Ev
FN:179,_ZN37ConicOrbitalElements_IsParabolic_Test8TestBodyEv
FN:179,_ZN37ConicOrbitalElements_IsParabolic_TestD0Ev
FN:179,_ZN37ConicOrbitalElements_IsParabolic_TestD2Ev
FN:188,_ZN39ConicOrbitalElements_GetMeanMotion_TestC2Ev
FN:188,_ZN39ConicOrbitalElements_GetMeanMotion_Test8TestBodyEv
FN:188,_ZN39ConicOrbitalElements_GetMeanMotion_TestD2Ev
FN:188,_ZN39ConicOrbitalElements_GetMeanMotion_TestD0Ev
FN:200,_ZN50ConicOrbitalElements_GetSpecificOrbitalEnergy_Test8TestBodyEv
FN:200,_ZN50ConicOrbitalElements_GetSpecificOrbitalEnergy_TestC2Ev
FN:200,_ZN50ConicOrbitalElements_GetSpecificOrbitalEnergy_TestD2Ev
FN:200,_ZN50ConicOrbitalElements_GetSpecificOrbitalEnergy_TestD0Ev
FN:209,_ZN52ConicOrbitalElements_GetSpecificAngularMomentum_Test8TestBodyEv
FN:209,_ZN52ConicOrbitalElements_GetSpecificAngularMomentum_TestC2Ev
FN:209,_ZN52ConicOrbitalElements_GetSpecificAngularMomentum_TestD0Ev
FN:209,_ZN52ConicOrbitalElements_GetSpecificAngularMomentum_TestD2Ev
FN:218,_ZN34ConicOrbitalElements_GetRADec_TestC2Ev
FN:218,_ZN34ConicOrbitalElements_GetRADec_TestD0Ev
FN:218,_ZN34ConicOrbitalElements_GetRADec_Test8TestBodyEv
FN:218,_ZN34ConicOrbitalElements_GetRADec_TestD2Ev
FNDA:1,_ZN46ConicOrbitalElements_GetTimeToTrueAnomaly_TestD0Ev
FNDA:1,_ZN50ConicOrbitalElements_GetSpecificOrbitalEnergy_TestC2Ev
FNDA:1,_ZN38ConicOrbitalElements_IsHyperbolic_TestD2Ev
FNDA:1,_ZN37ConicOrbitalElements_IsParabolic_TestD0Ev
FNDA:1,_ZN38ConicOrbitalElements_IsElliptical_TestD0Ev
FNDA:1,_ZN46ConicOrbitalElements_GetTimeToMeanAnomaly_TestD2Ev
FNDA:1,_ZN34ConicOrbitalElements_GetRADec_TestD2Ev
FNDA:1,_ZN39ConicOrbitalElements_GetMeanMotion_TestD2Ev
FNDA:1,_ZN39ConicOrbitalElements_GetMeanMotion_TestD0Ev
FNDA:1,_ZN46ConicOrbitalElements_GetTimeToTrueAnomaly_TestD2Ev
FNDA:1,_ZN50ConicOrbitalElements_GetSpecificOrbitalEnergy_TestD0Ev
FNDA:1,_ZN46ConicOrbitalElements_GetTimeToMeanAnomaly_Test8TestBodyEv
FNDA:1,_ZN50ConicOrbitalElements_GetSpecificOrbitalEnergy_TestD2Ev
FNDA:1,_ZN37ConicOrbitalElements_IsParabolic_TestD2Ev
FNDA:1,_ZN46ConicOrbitalElements_GetTimeToMeanAnomaly_TestC2Ev
FNDA:1,_ZN45ConicOrbitalElements_GetEccentricAnomaly_TestD0Ev
FNDA:1,_ZN40ConicOrbitalElements_GetTrueAnomaly_Test8TestBodyEv
FNDA:1,_ZN40ConicOrbitalElements_GetTrueAnomaly_TestC2Ev
FNDA:1,_ZN38ConicOrbitalElements_IsElliptical_Test8TestBodyEv
FNDA:1,_ZN34ConicOrbitalElements_GetRADec_Test8TestBodyEv
FNDA:1,_ZN38ConicOrbitalElements_IsHyperbolic_Test8TestBodyEv
FNDA:1,_ZN40ConicOrbitalElements_GetTrueAnomaly_TestD0Ev
FNDA:1,_ZN45ConicOrbitalElements_GetEccentricAnomaly_Test8TestBodyEv
FNDA:1,_ZN38ConicOrbitalElements_IsElliptical_TestD2Ev
FNDA:1,_ZN45ConicOrbitalElements_GetEccentricAnomaly_TestD2Ev
FNDA:1,_ZN38ConicOrbitalElements_IsHyperbolic_TestD0Ev
FNDA:1,_ZN46ConicOrbitalElements_GetTimeToMeanAnomaly_TestD0Ev
FNDA:1,_ZN40ConicOrbitalElements_GetStateVector_TestD2Ev
FNDA:1,_ZN46ConicOrbitalElements_GetTimeToTrueAnomaly_TestC2Ev
FNDA:1,_ZN40ConicOrbitalElements_GetMeanAnomaly_TestD2Ev
FNDA:1,_ZN52ConicOrbitalElements_GetSpecificAngularMomentum_TestD2Ev
FNDA:1,_ZN46ConicOrbitalElements_GetTimeToTrueAnomaly_Test8TestBodyEv
FNDA:1,_ZN37ConicOrbitalElements_IsParabolic_Test8TestBodyEv
FNDA:1,_ZN38ConicOrbitalElements_IsElliptical_TestC2Ev
FNDA:1,_ZN40ConicOrbitalElements_GetMeanAnomaly_TestD0Ev
FNDA:1,_ZN52ConicOrbitalElements_GetSpecificAngularMomentum_Test8TestBodyEv
FNDA:1,_ZN40ConicOrbitalElements_GetStateVector_TestC2Ev
FNDA:1,_ZN45ConicOrbitalElements_GetEccentricAnomaly_TestC2Ev
FNDA:1,_ZN40ConicOrbitalElements_GetStateVector_TestD0Ev
FNDA:1,_ZN34ConicOrbitalElements_GetRADec_TestD0Ev
FNDA:1,_ZN34ConicOrbitalElements_GetRADec_TestC2Ev
FNDA:1,_ZN40ConicOrbitalElements_Initialization_Test8TestBodyEv
FNDA:1,_ZN39ConicOrbitalElements_GetMeanMotion_Test8TestBodyEv
FNDA:1,_ZN52ConicOrbitalElements_GetSpecificAngularMomentum_TestD0Ev
FNDA:1,_ZN52ConicOrbitalElements_GetSpecificAngularMomentum_TestC2Ev
FNDA:1,_ZN39ConicOrbitalElements_GetMeanMotion_TestC2Ev
FNDA:1,_ZN50ConicOrbitalElements_GetSpecificOrbitalEnergy_Test8TestBodyEv
FNDA:1,_ZN40ConicOrbitalElements_GetStateVector_Test8TestBodyEv
FNDA:1,_ZN40ConicOrbitalElements_GetMeanAnomaly_Test8TestBodyEv
FNDA:1,_ZN40ConicOrbitalElements_Initialization_TestC2Ev
FNDA:1,_ZN37ConicOrbitalElements_IsParabolic_TestC2Ev
FNDA:1,_ZN40ConicOrbitalElements_Initialization_TestD0Ev
FNDA:1,_ZN40ConicOrbitalElements_GetMeanAnomaly_TestC2Ev
FNDA:1,_ZN40ConicOrbitalElements_Initialization_TestD2Ev
FNDA:1,_ZN38ConicOrbitalElements_IsHyperbolic_TestC2Ev
FNDA:1,_ZN40ConicOrbitalElements_GetTrueAnomaly_TestD2Ev
FNF:56
FNH:56
DA:14,4
DA:16,1
DA:17,1
DA:19,1
DA:20,1
DA:21,1
DA:22,1
DA:23,1
DA:24,1
DA:25,1
DA:26,2
DA:27,1
DA:28,1
DA:29,1
DA:30,1
DA:32,1
DA:33,1
DA:34,1
DA:35,1
DA:36,1
DA:37,1
DA:38,1
DA:39,1
DA:40,1
DA:41,1
DA:42,1
DA:43,1
DA:44,1
DA:47,4
DA:49,1
DA:50,1
DA:53,2
DA:56,2
DA:59,2
DA:63,2
DA:65,1
DA:67,1
DA:70,4
DA:72,1
DA:73,1
DA:75,1
DA:76,1
DA:78,1
DA:79,1
DA:81,1
DA:82,1
DA:85,4
DA:87,1
DA:88,1
DA:90,1
DA:91,1
DA:93,1
DA:94,1
DA:96,1
DA:97,1
DA:100,4
DA:102,1
DA:103,1
DA:105,1
DA:106,1
DA:108,1
DA:109,1
DA:112,4
DA:114,1
DA:115,1
DA:117,1
DA:118,1
DA:120,1
DA:121,1
DA:123,1
DA:124,1
DA:126,1
DA:127,1
DA:130,4
DA:133,1
DA:134,1
DA:135,1
DA:137,1
DA:147,1
DA:149,1
DA:152,1
DA:153,1
DA:154,1
DA:156,1
DA:157,1
DA:158,1
DA:161,4
DA:163,1
DA:164,1
DA:165,1
DA:167,1
DA:170,4
DA:172,1
DA:173,1
DA:174,1
DA:176,1
DA:179,4
DA:181,1
DA:182,1
DA:183,1
DA:185,1
DA:188,4
DA:190,1
DA:191,1
DA:192,1
DA:193,1
DA:195,1
DA:197,1
DA:200,4
DA:202,1
DA:203,1
DA:204,1
DA:206,1
DA:209,4
DA:211,1
DA:212,1
DA:213,1
DA:215,1
DA:218,4
DA:220,1
DA:222,1
DA:224,1
DA:226,1
DA:227,1
DA:228,1
LF:125
LH:125
end_of_record
TN:
SF:/home/sylvain/Sources/IO/SDK/IO.SDK.Tests/CoordinateSystemTests.cpp
FN:4,_ZN33CoordinateSystem_ToCharArray_TestD0Ev
FN:4,_ZN33CoordinateSystem_ToCharArray_Test8TestBodyEv
FN:4,_ZN33CoordinateSystem_ToCharArray_TestD2Ev
FN:4,_ZN33CoordinateSystem_ToCharArray_TestC2Ev
FNDA:1,_ZN33CoordinateSystem_ToCharArray_TestC2Ev
FNDA:1,_ZN33CoordinateSystem_ToCharArray_TestD0Ev
FNDA:1,_ZN33CoordinateSystem_ToCharArray_Test8TestBodyEv
FNDA:1,_ZN33CoordinateSystem_ToCharArray_TestD2Ev
FNF:4
FNH:4
DA:4,4
DA:6,1
LF:2
LH:2
end_of_record
TN:
SF:/home/sylvain/Sources/IO/SDK/IO.SDK.Tests/CoordinateTests.cpp
FN:4,_ZN27Coordinate_ToCharArray_Test8TestBodyEv
FN:4,_ZN27Coordinate_ToCharArray_TestD0Ev
FN:4,_ZN27Coordinate_ToCharArray_TestD2Ev
FN:4,_ZN27Coordinate_ToCharArray_TestC2Ev
FNDA:1,_ZN27Coordinate_ToCharArray_Test8TestBodyEv
FNDA:1,_ZN27Coordinate_ToCharArray_TestD0Ev
FNDA:1,_ZN27Coordinate_ToCharArray_TestD2Ev
FNDA:1,_ZN27Coordinate_ToCharArray_TestC2Ev
FNF:4
FNH:4
DA:4,4
DA:6,1
LF:2
LH:2
end_of_record
TN:
SF:/home/sylvain/Sources/IO/SDK/IO.SDK.Tests/CylindricalTests.cpp
FN:4,_ZN31Cylindrical_Initialization_TestD0Ev
FN:4,_ZN31Cylindrical_Initialization_Test8TestBodyEv
FN:4,_ZN31Cylindrical_Initialization_TestC2Ev
FN:4,_ZN31Cylindrical_Initialization_TestD2Ev
FNDA:1,_ZN31Cylindrical_Initialization_TestD2Ev
FNDA:1,_ZN31Cylindrical_Initialization_TestC2Ev
FNDA:1,_ZN31Cylindrical_Initialization_TestD0Ev
FNDA:1,_ZN31Cylindrical_Initialization_Test8TestBodyEv
FNF:4
FNH:4
DA:4,4
DA:6,1
DA:7,1
DA:8,1
DA:9,1
LF:5
LH:5
end_of_record
TN:
SF:/home/sylvain/Sources/IO/SDK/IO.SDK.Tests/EngineTests.cpp
FN:15,_ZN26Engine_Initialization_TestD2Ev
FN:15,_ZN26Engine_Initialization_TestD0Ev
FN:15,_ZN26Engine_Initialization_Test8TestBodyEv
FN:15,_ZN26Engine_Initialization_TestC2Ev
FN:38,_ZN18Engine_DeltaV_Test8TestBodyEv
FN:38,_ZN18Engine_DeltaV_TestD2Ev
FN:38,_ZN18Engine_DeltaV_TestC2Ev
FN:38,_ZN18Engine_DeltaV_TestD0Ev
FN:45,_ZN18Engine_DeltaT_TestC2Ev
FN:45,_ZN18Engine_DeltaT_TestD2Ev
FN:45,_ZN18Engine_DeltaT_Test8TestBodyEv
FN:45,_ZN18Engine_DeltaT_TestD0Ev
FN:51,_ZN18Engine_DeltaM_Test8TestBodyEv
FN:51,_ZN18Engine_DeltaM_TestD2Ev
FN:51,_ZN18Engine_DeltaM_TestD0Ev
FN:51,_ZN18Engine_DeltaM_TestC2Ev
FNDA:1,_ZN18Engine_DeltaV_Test8TestBodyEv
FNDA:1,_ZN18Engine_DeltaT_TestC2Ev
FNDA:1,_ZN18Engine_DeltaV_TestD2Ev
FNDA:1,_ZN18Engine_DeltaM_Test8TestBodyEv
FNDA:1,_ZN18Engine_DeltaT_TestD2Ev
FNDA:1,_ZN18Engine_DeltaT_Test8TestBodyEv
FNDA:1,_ZN26Engine_Initialization_TestD2Ev
FNDA:1,_ZN26Engine_Initialization_TestD0Ev
FNDA:1,_ZN18Engine_DeltaV_TestC2Ev
FNDA:1,_ZN18Engine_DeltaM_TestD2Ev
FNDA:1,_ZN18Engine_DeltaT_TestD0Ev
FNDA:1,_ZN18Engine_DeltaM_TestD0Ev
FNDA:1,_ZN26Engine_Initialization_TestC2Ev
FNDA:1,_ZN18Engine_DeltaV_TestD0Ev
FNDA:1,_ZN18Engine_DeltaM_TestC2Ev
FNDA:1,_ZN26Engine_Initialization_Test8TestBodyEv
FNF:16
FNH:16
DA:15,4
DA:17,1
DA:18,2
DA:19,1
DA:20,2
DA:21,1
DA:22,1
DA:23,1
DA:24,2
DA:25,2
DA:26,1
DA:27,1
DA:28,1
DA:29,1
DA:30,1
DA:31,1
DA:32,1
DA:33,1
DA:34,1
DA:35,1
DA:38,4
DA:40,1
DA:42,1
DA:45,4
DA:47,1
DA:48,1
DA:51,4
DA:53,1
DA:54,1
LF:29
LH:29
end_of_record
TN:
SF:/home/sylvain/Sources/IO/SDK/IO.SDK.Tests/EphemerisKernelTests.cpp
FN:15,_ZN42EphemerisKernel_WriteEvenlySpacedData_TestD2Ev
FN:15,_ZN42EphemerisKernel_WriteEvenlySpacedData_TestD0Ev
FN:15,_ZN42EphemerisKernel_WriteEvenlySpacedData_Test8TestBodyEv
FN:15,_ZN42EphemerisKernel_WriteEvenlySpacedData_TestC2Ev
FN:83,_ZN32EphemerisKernel_GetCoverage_TestD2Ev
FN:83,_ZN32EphemerisKernel_GetCoverage_TestC2Ev
FN:83,_ZN32EphemerisKernel_GetCoverage_Test8TestBodyEv
FN:83,_ZN32EphemerisKernel_GetCoverage_TestD0Ev
FN:128,_ZN31EphemerisKernel_AddComment_TestD2Ev
FN:128,_ZN31EphemerisKernel_AddComment_Test8TestBodyEv
FN:128,_ZN31EphemerisKernel_AddComment_TestC2Ev
FN:128,_ZN31EphemerisKernel_AddComment_TestD0Ev
FN:172,_ZN38EphemerisKernel_AddTooLongComment_Test8TestBodyEv
FN:172,_ZN38EphemerisKernel_AddTooLongComment_TestC2Ev
FN:172,_ZN38EphemerisKernel_AddTooLongComment_TestD0Ev
FN:172,_ZN38EphemerisKernel_AddTooLongComment_TestD2Ev
FNDA:1,_ZN38EphemerisKernel_AddTooLongComment_Test8TestBodyEv
FNDA:1,_ZN31EphemerisKernel_AddComment_TestD2Ev
FNDA:1,_ZN38EphemerisKernel_AddTooLongComment_TestC2Ev
FNDA:1,_ZN32EphemerisKernel_GetCoverage_TestD2Ev
FNDA:1,_ZN42EphemerisKernel_WriteEvenlySpacedData_TestD2Ev
FNDA:1,_ZN32EphemerisKernel_GetCoverage_Test8TestBodyEv
FNDA:1,_ZN32EphemerisKernel_GetCoverage_TestC2Ev
FNDA:1,_ZN38EphemerisKernel_AddTooLongComment_TestD2Ev
FNDA:1,_ZN42EphemerisKernel_WriteEvenlySpacedData_TestC2Ev
FNDA:1,_ZN32EphemerisKernel_GetCoverage_TestD0Ev
FNDA:1,_ZN31EphemerisKernel_AddComment_TestD0Ev
FNDA:1,_ZN42EphemerisKernel_WriteEvenlySpacedData_TestD0Ev
FNDA:1,_ZN38EphemerisKernel_AddTooLongComment_TestD0Ev
FNDA:1,_ZN31EphemerisKernel_AddComment_TestC2Ev
FNDA:1,_ZN31EphemerisKernel_AddComment_Test8TestBodyEv
FNDA:1,_ZN42EphemerisKernel_WriteEvenlySpacedData_Test8TestBodyEv
FNF:16
FNH:16
DA:15,4
DA:18,1
DA:19,2
DA:20,1
DA:21,2
DA:22,1
DA:24,1
DA:26,1
DA:28,1
DA:30,1
DA:32,1
DA:34,1
DA:36,1
DA:38,1
DA:40,1
DA:42,1
DA:43,1
DA:44,1
DA:45,1
DA:46,1
DA:47,1
DA:48,1
DA:49,1
DA:50,1
DA:51,1
DA:52,1
DA:54,1
DA:56,1
DA:58,1
DA:59,1
DA:60,1
DA:61,1
DA:62,1
DA:63,1
DA:65,1
DA:67,1
DA:68,1
DA:69,1
DA:70,1
DA:71,1
DA:72,1
DA:74,1
DA:76,1
DA:77,1
DA:78,1
DA:79,1
DA:80,1
DA:81,1
DA:83,4
DA:85,1
DA:86,2
DA:87,1
DA:88,2
DA:90,1
DA:92,1
DA:94,1
DA:96,1
DA:98,1
DA:100,1
DA:102,1
DA:104,1
DA:106,1
DA:108,1
DA:110,1
DA:111,1
DA:112,1
DA:113,1
DA:114,1
DA:115,1
DA:116,1
DA:117,1
DA:118,1
DA:119,1
DA:120,1
DA:122,1
DA:123,1
DA:124,1
DA:125,1
DA:126,1
DA:128,4
DA:130,1
DA:131,2
DA:132,1
DA:133,2
DA:135,1
DA:137,1
DA:139,1
DA:141,1
DA:143,1
DA:145,1
DA:147,1
DA:149,1
DA:151,1
DA:153,1
DA:155,1
DA:156,1
DA:157,1
DA:158,1
DA:159,1
DA:160,1
DA:161,1
DA:162,1
DA:163,1
DA:164,1
DA:165,1
DA:167,1
DA:168,1
DA:169,1
DA:170,1
DA:172,4
DA:174,1
DA:175,2
DA:176,1
DA:177,2
DA:179,4
LF:115
LH:115
end_of_record
TN:
SF:/home/sylvain/Sources/IO/SDK/IO.SDK.Tests/EquinoctialElementsTests.cpp
FN:15,_ZN39EquinoctialElements_Initialization_TestC2Ev
FN:15,_ZN39EquinoctialElements_Initialization_Test8TestBodyEv
FN:15,_ZN39EquinoctialElements_Initialization_TestD0Ev
FN:15,_ZN39EquinoctialElements_Initialization_TestD2Ev
FN:54,_ZN52EquinoctialElements_InitializationFromKeplerian_TestD2Ev
FN:54,_ZN52EquinoctialElements_InitializationFromKeplerian_TestC2Ev
FN:54,_ZN52EquinoctialElements_InitializationFromKeplerian_Test8TestBodyEv
FN:54,_ZN52EquinoctialElements_InitializationFromKeplerian_TestD0Ev
FN:97,_ZN34EquinoctialElements_GetPeriod_TestD2Ev
FN:97,_ZN34EquinoctialElements_GetPeriod_TestD0Ev
FN:97,_ZN34EquinoctialElements_GetPeriod_Test8TestBodyEv
FN:97,_ZN34EquinoctialElements_GetPeriod_TestC2Ev
FN:122,_ZN39EquinoctialElements_GetStateVector_Test8TestBodyEv
FN:122,_ZN39EquinoctialElements_GetStateVector_TestC2Ev
FN:122,_ZN39EquinoctialElements_GetStateVector_TestD0Ev
FN:122,_ZN39EquinoctialElements_GetStateVector_TestD2Ev
FN:156,_ZN52EquinoctialElements_GetStateVectorFromKeplerian_TestC2Ev
FN:156,_ZN52EquinoctialElements_GetStateVectorFromKeplerian_Test8TestBodyEv
FN:156,_ZN52EquinoctialElements_GetStateVectorFromKeplerian_TestD0Ev
FN:156,_ZN52EquinoctialElements_GetStateVectorFromKeplerian_TestD2Ev
FN:183,_ZN56EquinoctialElements_GetStateVectorFrom0Eccentricity_TestC2Ev
FN:183,_ZN56EquinoctialElements_GetStateVectorFrom0Eccentricity_TestD2Ev
FN:183,_ZN56EquinoctialElements_GetStateVectorFrom0Eccentricity_Test8TestBodyEv
FN:183,_ZN56EquinoctialElements_GetStateVectorFrom0Eccentricity_TestD0Ev
FN:207,_ZN40EquinoctialElements_GetEccentricity_TestD0Ev
FN:207,_ZN40EquinoctialElements_GetEccentricity_Test8TestBodyEv
FN:207,_ZN40EquinoctialElements_GetEccentricity_TestD2Ev
FN:207,_ZN40EquinoctialElements_GetEccentricity_TestC2Ev
FN:235,_ZN39EquinoctialElements_GetInclination_TestD2Ev
FN:235,_ZN39EquinoctialElements_GetInclination_TestC2Ev
FN:235,_ZN39EquinoctialElements_GetInclination_TestD0Ev
FN:235,_ZN39EquinoctialElements_GetInclination_Test8TestBodyEv
FN:263,_ZN45EquinoctialElements_GetPeriapsisArgument_Test8TestBodyEv
FN:263,_ZN45EquinoctialElements_GetPeriapsisArgument_TestC2Ev
FN:263,_ZN45EquinoctialElements_GetPeriapsisArgument_TestD2Ev
FN:263,_ZN45EquinoctialElements_GetPeriapsisArgument_TestD0Ev
FN:291,_ZN46EquinoctialElements_GetRightAscendingNode_TestD0Ev
FN:291,_ZN46EquinoctialElements_GetRightAscendingNode_TestD2Ev
FN:291,_ZN46EquinoctialElements_GetRightAscendingNode_Test8TestBodyEv
FN:291,_ZN46EquinoctialElements_GetRightAscendingNode_TestC2Ev
FN:319,_ZN46EquinoctialElements_GetMeanAnomalyAtEpoch_TestD2Ev
FN:319,_ZN46EquinoctialElements_GetMeanAnomalyAtEpoch_TestD0Ev
FN:319,_ZN46EquinoctialElements_GetMeanAnomalyAtEpoch_TestC2Ev
FN:319,_ZN46EquinoctialElements_GetMeanAnomalyAtEpoch_Test8TestBodyEv
FN:347,_ZN49EquinoctialElements_GetSpecificOrbitalEnergy_TestC2Ev
FN:347,_ZN49EquinoctialElements_GetSpecificOrbitalEnergy_Test8TestBodyEv
FN:347,_ZN49EquinoctialElements_GetSpecificOrbitalEnergy_TestD2Ev
FN:347,_ZN49EquinoctialElements_GetSpecificOrbitalEnergy_TestD0Ev
FN:375,_ZN51EquinoctialElements_GetSpecificAngularMomentum_TestC2Ev
FN:375,_ZN51EquinoctialElements_GetSpecificAngularMomentum_TestD0Ev
FN:375,_ZN51EquinoctialElements_GetSpecificAngularMomentum_Test8TestBodyEv
FN:375,_ZN51EquinoctialElements_GetSpecificAngularMomentum_TestD2Ev
FN:402,_ZN46EquinoctialElements_GetTrueAnomalyAtEpoch_TestD2Ev
FN:402,_ZN46EquinoctialElements_GetTrueAnomalyAtEpoch_TestC2Ev
FN:402,_ZN46EquinoctialElements_GetTrueAnomalyAtEpoch_TestD0Ev
FN:402,_ZN46EquinoctialElements_GetTrueAnomalyAtEpoch_Test8TestBodyEv
FN:429,_ZN42EquinoctialElements_GetISSMeanAnomaly_TestC2Ev
FN:429,_ZN42EquinoctialElements_GetISSMeanAnomaly_Test8TestBodyEv
FN:429,_ZN42EquinoctialElements_GetISSMeanAnomaly_TestD2Ev
FN:429,_ZN42EquinoctialElements_GetISSMeanAnomaly_TestD0Ev
FN:456,_ZN41EquinoctialElements_GetSemiMajorAxis_Test8TestBodyEv
FN:456,_ZN41EquinoctialElements_GetSemiMajorAxis_TestD0Ev
FN:456,_ZN41EquinoctialElements_GetSemiMajorAxis_TestD2Ev
FN:456,_ZN41EquinoctialElements_GetSemiMajorAxis_TestC2Ev
FN:483,_ZN45EquinoctialElements_GetTimeToMeanAnomaly_Test8TestBodyEv
FN:483,_ZN45EquinoctialElements_GetTimeToMeanAnomaly_TestC2Ev
FN:483,_ZN45EquinoctialElements_GetTimeToMeanAnomaly_TestD0Ev
FN:483,_ZN45EquinoctialElements_GetTimeToMeanAnomaly_TestD2Ev
FN:510,_ZN47EquinoctialElements_GetMeanAnomalyForEpoch_TestD0Ev
FN:510,_ZN47EquinoctialElements_GetMeanAnomalyForEpoch_TestD2Ev
FN:510,_ZN47EquinoctialElements_GetMeanAnomalyForEpoch_Test8TestBodyEv
FN:510,_ZN47EquinoctialElements_GetMeanAnomalyForEpoch_TestC2Ev
FN:537,_ZN45EquinoctialElements_GetTimeToTrueAnomaly_TestD2Ev
FN:537,_ZN45EquinoctialElements_GetTimeToTrueAnomaly_Test8TestBodyEv
FN:537,_ZN45EquinoctialElements_GetTimeToTrueAnomaly_TestC2Ev
FN:537,_ZN45EquinoctialElements_GetTimeToTrueAnomaly_TestD0Ev
FN:564,_ZN47EquinoctialElements_GetTrueAnomalyForEpoch_TestC2Ev
FN:564,_ZN47EquinoctialElements_GetTrueAnomalyForEpoch_TestD2Ev
FN:564,_ZN47EquinoctialElements_GetTrueAnomalyForEpoch_Test8TestBodyEv
FN:564,_ZN47EquinoctialElements_GetTrueAnomalyForEpoch_TestD0Ev
FN:591,_ZN39EquinoctialElements_TrajectoryType_TestD0Ev
FN:591,_ZN39EquinoctialElements_TrajectoryType_Test8TestBodyEv
FN:591,_ZN39EquinoctialElements_TrajectoryType_TestC2Ev
FN:591,_ZN39EquinoctialElements_TrajectoryType_TestD2Ev
FNDA:1,_ZN39EquinoctialElements_GetInclination_TestD2Ev
FNDA:1,_ZN45EquinoctialElements_GetTimeToMeanAnomaly_Test8TestBodyEv
FNDA:1,_ZN52EquinoctialElements_InitializationFromKeplerian_TestC2Ev
FNDA:1,_ZN45EquinoctialElements_GetTimeToTrueAnomaly_Test8TestBodyEv
FNDA:1,_ZN46EquinoctialElements_GetRightAscendingNode_TestD2Ev
FNDA:1,_ZN46EquinoctialElements_GetMeanAnomalyAtEpoch_TestD0Ev
FNDA:1,_ZN46EquinoctialElements_GetRightAscendingNode_Test8TestBodyEv
FNDA:1,_ZN39EquinoctialElements_TrajectoryType_TestD0Ev
FNDA:1,_ZN41EquinoctialElements_GetSemiMajorAxis_Test8TestBodyEv
FNDA:1,_ZN47EquinoctialElements_GetTrueAnomalyForEpoch_TestC2Ev
FNDA:1,_ZN40EquinoctialElements_GetEccentricity_TestD0Ev
FNDA:1,_ZN46EquinoctialElements_GetRightAscendingNode_TestD0Ev
FNDA:1,_ZN51EquinoctialElements_GetSpecificAngularMomentum_TestC2Ev
FNDA:1,_ZN52EquinoctialElements_InitializationFromKeplerian_TestD2Ev
FNDA:1,_ZN45EquinoctialElements_GetTimeToTrueAnomaly_TestD2Ev
FNDA:1,_ZN46EquinoctialElements_GetMeanAnomalyAtEpoch_TestD2Ev
FNDA:1,_ZN39EquinoctialElements_GetStateVector_Test8TestBodyEv
FNDA:1,_ZN41EquinoctialElements_GetSemiMajorAxis_TestD0Ev
FNDA:1,_ZN45EquinoctialElements_GetPeriapsisArgument_Test8TestBodyEv
FNDA:1,_ZN47EquinoctialElements_GetMeanAnomalyForEpoch_TestD2Ev
FNDA:1,_ZN52EquinoctialElements_InitializationFromKeplerian_TestD0Ev
FNDA:1,_ZN49EquinoctialElements_GetSpecificOrbitalEnergy_TestC2Ev
FNDA:1,_ZN46EquinoctialElements_GetTrueAnomalyAtEpoch_TestD2Ev
FNDA:1,_ZN41EquinoctialElements_GetSemiMajorAxis_TestD2Ev
FNDA:1,_ZN45EquinoctialElements_GetTimeToMeanAnomaly_TestD0Ev
FNDA:1,_ZN39EquinoctialElements_TrajectoryType_Test8TestBodyEv
FNDA:1,_ZN45EquinoctialElements_GetTimeToTrueAnomaly_TestC2Ev
FNDA:1,_ZN52EquinoctialElements_InitializationFromKeplerian_Test8TestBodyEv
FNDA:1,_ZN42EquinoctialElements_GetISSMeanAnomaly_TestC2Ev
FNDA:1,_ZN52EquinoctialElements_GetStateVectorFromKeplerian_TestC2Ev
FNDA:1,_ZN52EquinoctialElements_GetStateVectorFromKeplerian_Test8TestBodyEv
FNDA:1,_ZN40EquinoctialElements_GetEccentricity_Test8TestBodyEv
FNDA:1,_ZN42EquinoctialElements_GetISSMeanAnomaly_TestD2Ev
FNDA:1,_ZN45EquinoctialElements_GetTimeToMeanAnomaly_TestC2Ev
FNDA:1,_ZN40EquinoctialElements_GetEccentricity_TestD2Ev
FNDA:1,_ZN47EquinoctialElements_GetMeanAnomalyForEpoch_TestD0Ev
FNDA:1,_ZN46EquinoctialElements_GetRightAscendingNode_TestC2Ev
FNDA:1,_ZN42EquinoctialElements_GetISSMeanAnomaly_Test8TestBodyEv
FNDA:1,_ZN45EquinoctialElements_GetPeriapsisArgument_TestC2Ev
FNDA:1,_ZN49EquinoctialElements_GetSpecificOrbitalEnergy_Test8TestBodyEv
FNDA:1,_ZN45EquinoctialElements_GetTimeToMeanAnomaly_TestD2Ev
FNDA:1,_ZN46EquinoctialElements_GetTrueAnomalyAtEpoch_TestC2Ev
FNDA:1,_ZN56EquinoctialElements_GetStateVectorFrom0Eccentricity_TestD2Ev
FNDA:1,_ZN34EquinoctialElements_GetPeriod_TestD2Ev
FNDA:1,_ZN47EquinoctialElements_GetTrueAnomalyForEpoch_Test8TestBodyEv
FNDA:1,_ZN46EquinoctialElements_GetTrueAnomalyAtEpoch_TestD0Ev
FNDA:1,_ZN39EquinoctialElements_GetStateVector_TestD0Ev
FNDA:1,_ZN47EquinoctialElements_GetMeanAnomalyForEpoch_TestC2Ev
FNDA:1,_ZN49EquinoctialElements_GetSpecificOrbitalEnergy_TestD2Ev
FNDA:1,_ZN51EquinoctialElements_GetSpecificAngularMomentum_TestD0Ev
FNDA:1,_ZN46EquinoctialElements_GetMeanAnomalyAtEpoch_TestC2Ev
FNDA:1,_ZN39EquinoctialElements_GetStateVector_TestC2Ev
FNDA:1,_ZN39EquinoctialElements_GetInclination_TestC2Ev
FNDA:1,_ZN56EquinoctialElements_GetStateVectorFrom0Eccentricity_TestC2Ev
FNDA:1,_ZN47EquinoctialElements_GetTrueAnomalyForEpoch_TestD2Ev
FNDA:1,_ZN39EquinoctialElements_Initialization_Test8TestBodyEv
FNDA:1,_ZN39EquinoctialElements_Initialization_TestC2Ev
FNDA:1,_ZN47EquinoctialElements_GetMeanAnomalyForEpoch_Test8TestBodyEv
FNDA:1,_ZN52EquinoctialElements_GetStateVectorFromKeplerian_TestD0Ev
FNDA:1,_ZN39EquinoctialElements_TrajectoryType_TestC2Ev
FNDA:1,_ZN42EquinoctialElements_GetISSMeanAnomaly_TestD0Ev
FNDA:1,_ZN39EquinoctialElements_Initialization_TestD0Ev
FNDA:1,_ZN51EquinoctialElements_GetSpecificAngularMomentum_TestD2Ev
FNDA:1,_ZN34EquinoctialElements_GetPeriod_TestC2Ev
FNDA:1,_ZN39EquinoctialElements_TrajectoryType_TestD2Ev
FNDA:1,_ZN56EquinoctialElements_GetStateVectorFrom0Eccentricity_Test8TestBodyEv
FNDA:1,_ZN39EquinoctialElements_GetInclination_Test8TestBodyEv
FNDA:1,_ZN40EquinoctialElements_GetEccentricity_TestC2Ev
FNDA:1,_ZN39EquinoctialElements_Initialization_TestD2Ev
FNDA:1,_ZN56EquinoctialElements_GetStateVectorFrom0Eccentricity_TestD0Ev
FNDA:1,_ZN45EquinoctialElements_GetTimeToTrueAnomaly_TestD0Ev
FNDA:1,_ZN49EquinoctialElements_GetSpecificOrbitalEnergy_TestD0Ev
FNDA:1,_ZN34EquinoctialElements_GetPeriod_Test8TestBodyEv
FNDA:1,_ZN47EquinoctialElements_GetTrueAnomalyForEpoch_TestD0Ev
FNDA:1,_ZN45EquinoctialElements_GetPeriapsisArgument_TestD2Ev
FNDA:1,_ZN39EquinoctialElements_GetStateVector_TestD2Ev
FNDA:1,_ZN41EquinoctialElements_GetSemiMajorAxis_TestC2Ev
FNDA:1,_ZN34EquinoctialElements_GetPeriod_TestD0Ev
FNDA:1,_ZN39EquinoctialElements_GetInclination_TestD0Ev
FNDA:1,_ZN52EquinoctialElements_GetStateVectorFromKeplerian_TestD2Ev
FNDA:1,_ZN51EquinoctialElements_GetSpecificAngularMomentum_Test8TestBodyEv
FNDA:1,_ZN46EquinoctialElements_GetMeanAnomalyAtEpoch_Test8TestBodyEv
FNDA:1,_ZN46EquinoctialElements_GetTrueAnomalyAtEpoch_Test8TestBodyEv
FNDA:1,_ZN45EquinoctialElements_GetPeriapsisArgument_TestD0Ev
FNF:84
FNH:84
DA:15,4
DA:17,1
DA:20,1
DA:21,1
DA:22,1
DA:23,1
DA:24,1
DA:25,1
DA:26,1
DA:27,1
DA:28,1
DA:31,1
DA:32,1
DA:33,1
DA:34,1
DA:35,1
DA:37,1
DA:39,1
DA:40,1
DA:41,1
DA:42,1
DA:43,1
DA:44,1
DA:45,1
DA:46,1
DA:47,1
DA:48,1
DA:49,1
DA:50,1
DA:51,1
DA:54,4
DA:56,1
DA:59,1
DA:60,1
DA:61,1
DA:62,1
DA:63,1
DA:64,1
DA:65,1
DA:66,1
DA:67,1
DA:70,1
DA:71,1
DA:72,1
DA:73,1
DA:74,1
DA:76,1
DA:78,1
DA:79,1
DA:80,1
DA:81,1
DA:82,1
DA:83,1
DA:84,1
DA:85,1
DA:86,1
DA:87,1
DA:88,1
DA:89,1
DA:90,1
DA:91,1
DA:92,1
DA:93,1
DA:94,1
DA:97,4
DA:99,1
DA:102,1
DA:103,1
DA:104,1
DA:105,1
DA:106,1
DA:107,1
DA:108,1
DA:111,1
DA:112,1
DA:113,1
DA:114,1
DA:115,1
DA:117,1
DA:119,1
DA:122,4
DA:124,1
DA:127,1
DA:128,1
DA:129,1
DA:130,1
DA:131,1
DA:132,1
DA:133,1
DA:134,1
DA:137,1
DA:138,1
DA:139,1
DA:140,1
DA:141,1
DA:143,1
DA:145,1
DA:146,1
DA:148,1
DA:149,1
DA:150,1
DA:151,1
DA:152,1
DA:153,1
DA:156,4
DA:158,1
DA:161,1
DA:162,1
DA:163,1
DA:164,1
DA:165,1
DA:166,1
DA:167,1
DA:168,1
DA:170,1
DA:172,1
DA:174,1
DA:175,1
DA:176,1
DA:177,1
DA:178,1
DA:179,1
DA:180,2
DA:183,4
DA:185,2
DA:188,1
DA:189,1
DA:190,1
DA:191,1
DA:192,1
DA:193,1
DA:194,1
DA:195,2
DA:197,2
DA:199,361
DA:201,360
DA:202,360
DA:205,1
DA:207,4
DA:209,1
DA:212,1
DA:213,1
DA:214,1
DA:215,1
DA:216,1
DA:217,1
DA:218,1
DA:219,1
DA:222,1
DA:223,1
DA:224,1
DA:225,1
DA:226,1
DA:228,1
DA:230,1
DA:232,1
DA:235,4
DA:237,1
DA:240,1
DA:241,1
DA:242,1
DA:243,1
DA:244,1
DA:245,1
DA:246,1
DA:247,1
DA:250,1
DA:251,1
DA:252,1
DA:253,1
DA:254,1
DA:256,1
DA:258,1
DA:260,1
DA:263,4
DA:265,1
DA:268,1
DA:269,1
DA:270,1
DA:271,1
DA:272,1
DA:273,1
DA:274,1
DA:275,1
DA:278,1
DA:279,1
DA:280,1
DA:281,1
DA:282,1
DA:284,1
DA:286,1
DA:288,1
DA:291,4
DA:293,1
DA:296,1
DA:297,1
DA:298,1
DA:299,1
DA:300,1
DA:301,1
DA:302,1
DA:303,1
DA:306,1
DA:307,1
DA:308,1
DA:309,1
DA:310,1
DA:312,1
DA:314,1
DA:316,1
DA:319,4
DA:321,1
DA:324,1
DA:325,1
DA:326,1
DA:327,1
DA:328,1
DA:329,1
DA:330,1
DA:331,1
DA:334,1
DA:335,1
DA:336,1
DA:337,1
DA:338,1
DA:340,1
DA:342,1
DA:344,1
DA:347,4
DA:349,1
DA:353,1
DA:354,1
DA:355,1
DA:356,1
DA:357,1
DA:358,1
DA:359,1
DA:362,1
DA:363,1
DA:364,1
DA:365,1
DA:366,1
DA:368,1
DA:370,1
DA:372,1
DA:375,4
DA:377,1
DA:380,1
DA:381,1
DA:382,1
DA:383,1
DA:384,1
DA:385,1
DA:386,1
DA:389,1
DA:390,1
DA:391,1
DA:392,1
DA:393,1
DA:395,1
DA:397,1
DA:399,1
DA:402,4
DA:404,1
DA:407,1
DA:408,1
DA:409,1
DA:410,1
DA:411,1
DA:412,1
DA:413,1
DA:416,1
DA:417,1
DA:418,1
DA:419,1
DA:420,1
DA:422,1
DA:424,1
DA:426,1
DA:429,4
DA:431,1
DA:434,1
DA:435,1
DA:436,1
DA:437,1
DA:438,1
DA:439,1
DA:440,1
DA:443,1
DA:444,1
DA:445,1
DA:446,1
DA:447,1
DA:449,1
DA:451,1
DA:453,1
DA:456,4
DA:458,1
DA:461,1
DA:462,1
DA:463,1
DA:464,1
DA:465,1
DA:466,1
DA:467,1
DA:470,1
DA:471,1
DA:472,1
DA:473,1
DA:474,1
DA:476,1
DA:478,1
DA:480,1
DA:483,4
DA:485,1
DA:488,1
DA:489,1
DA:490,1
DA:491,1
DA:492,1
DA:493,1
DA:494,1
DA:497,1
DA:498,1
DA:499,1
DA:500,1
DA:501,1
DA:503,1
DA:505,1
DA:507,1
DA:510,4
DA:512,1
DA:515,1
DA:516,1
DA:517,1
DA:518,1
DA:519,1
DA:520,1
DA:521,1
DA:524,1
DA:525,1
DA:526,1
DA:527,1
DA:528,1
DA:530,1
DA:532,1
DA:534,1
DA:537,4
DA:539,1
DA:542,1
DA:543,1
DA:544,1
DA:545,1
DA:546,1
DA:547,1
DA:548,1
DA:551,1
DA:552,1
DA:553,1
DA:554,1
DA:555,1
DA:557,1
DA:559,1
DA:561,1
DA:564,4
DA:566,1
DA:569,1
DA:570,1
DA:571,1
DA:572,1
DA:573,1
DA:574,1
DA:575,1
DA:578,1
DA:579,1
DA:580,1
DA:581,1
DA:582,1
DA:584,1
DA:586,1
DA:588,1
DA:591,4
DA:593,1
DA:596,1
DA:597,1
DA:598,1
DA:599,1
DA:600,1
DA:601,1
DA:602,1
DA:605,1
DA:606,1
DA:607,1
DA:608,1
DA:609,1
DA:611,1
DA:613,1
DA:614,1
DA:615,1
LF:399
LH:399
end_of_record
TN:
SF:/home/sylvain/Sources/IO/SDK/IO.SDK.Tests/ExceptionsTests.cpp
FN:6,_ZN28Exceptions_SDKException_TestC2Ev
FN:6,_ZN28Exceptions_SDKException_TestD2Ev
FN:6,_ZN28Exceptions_SDKException_TestD0Ev
FN:6,_ZN28Exceptions_SDKException_Test8TestBodyEv
FN:12,_ZN41Exceptions_TooEarlyManeuverException_TestC2Ev
FN:12,_ZN41Exceptions_TooEarlyManeuverException_Test8TestBodyEv
FN:12,_ZN41Exceptions_TooEarlyManeuverException_TestD2Ev
FN:12,_ZN41Exceptions_TooEarlyManeuverException_TestD0Ev
FN:18,_ZN35Exceptions_PropagatorException_TestD0Ev
FN:18,_ZN35Exceptions_PropagatorException_Test8TestBodyEv
FN:18,_ZN35Exceptions_PropagatorException_TestD2Ev
FN:18,_ZN35Exceptions_PropagatorException_TestC2Ev
FNDA:1,_ZN41Exceptions_TooEarlyManeuverException_TestC2Ev
FNDA:1,_ZN41Exceptions_TooEarlyManeuverException_Test8TestBodyEv
FNDA:1,_ZN28Exceptions_SDKException_Test8TestBodyEv
FNDA:1,_ZN28Exceptions_SDKException_TestD0Ev
FNDA:1,_ZN35Exceptions_PropagatorException_TestC2Ev
FNDA:1,_ZN41Exceptions_TooEarlyManeuverException_TestD0Ev
FNDA:1,_ZN41Exceptions_TooEarlyManeuverException_TestD2Ev
FNDA:1,_ZN28Exceptions_SDKException_TestC2Ev
FNDA:1,_ZN35Exceptions_PropagatorException_TestD0Ev
FNDA:1,_ZN28Exceptions_SDKException_TestD2Ev
FNDA:1,_ZN35Exceptions_PropagatorException_TestD2Ev
FNDA:1,_ZN35Exceptions_PropagatorException_Test8TestBodyEv
FNF:12
FNH:12
DA:6,4
DA:8,2
DA:9,1
DA:12,4
DA:14,2
DA:15,1
DA:18,4
DA:20,2
DA:21,1
LF:9
LH:9
end_of_record
TN:
SF:/home/sylvain/Sources/IO/SDK/IO.SDK.Tests/FuelTankTests.cpp
FN:8,_ZN28FuelTank_Initialization_TestC2Ev
FN:8,_ZN28FuelTank_Initialization_TestD2Ev
FN:8,_ZN28FuelTank_Initialization_Test8TestBodyEv
FN:8,_ZN28FuelTank_Initialization_TestD0Ev
FN:23,_ZN26FuelTank_OverQuantity_TestC2Ev
FN:23,_ZN26FuelTank_OverQuantity_TestD2Ev
FN:23,_ZN26FuelTank_OverQuantity_Test8TestBodyEv
FN:23,_ZN26FuelTank_OverQuantity_TestD0Ev
FN:32,_ZN31FuelTank_EmptySerialNumber_TestD0Ev
FN:32,_ZN31FuelTank_EmptySerialNumber_TestC2Ev
FN:32,_ZN31FuelTank_EmptySerialNumber_Test8TestBodyEv
FN:32,_ZN31FuelTank_EmptySerialNumber_TestD2Ev
FN:41,_ZN29FuelTank_InvalidCapacity_TestC2Ev
FN:41,_ZN29FuelTank_InvalidCapacity_TestD0Ev
FN:41,_ZN29FuelTank_InvalidCapacity_TestD2Ev
FN:41,_ZN29FuelTank_InvalidCapacity_Test8TestBodyEv
FN:50,_ZN29FuelTank_InvalidQuantity_TestD2Ev
FN:50,_ZN29FuelTank_InvalidQuantity_TestD0Ev
FN:50,_ZN29FuelTank_InvalidQuantity_TestC2Ev
FN:50,_ZN29FuelTank_InvalidQuantity_Test8TestBodyEv
FN:59,_ZN32FuelTank_UpdateFuelQuantity_Test8TestBodyEv
FN:59,_ZN32FuelTank_UpdateFuelQuantity_TestD0Ev
FN:59,_ZN32FuelTank_UpdateFuelQuantity_TestC2Ev
FN:59,_ZN32FuelTank_UpdateFuelQuantity_TestD2Ev
FN:82,_ZN21FuelTank_IsEmpty_Test8TestBodyEv
FN:82,_ZN21FuelTank_IsEmpty_TestD0Ev
FN:82,_ZN21FuelTank_IsEmpty_TestD2Ev
FN:82,_ZN21FuelTank_IsEmpty_TestC2Ev
FNDA:1,_ZN21FuelTank_IsEmpty_TestD0Ev
FNDA:1,_ZN29FuelTank_InvalidCapacity_TestD0Ev
FNDA:1,_ZN21FuelTank_IsEmpty_Test8TestBodyEv
FNDA:1,_ZN32FuelTank_UpdateFuelQuantity_TestD0Ev
FNDA:1,_ZN26FuelTank_OverQuantity_Test8TestBodyEv
FNDA:1,_ZN29FuelTank_InvalidQuantity_TestC2Ev
FNDA:1,_ZN32FuelTank_UpdateFuelQuantity_Test8TestBodyEv
FNDA:1,_ZN29FuelTank_InvalidCapacity_TestD2Ev
FNDA:1,_ZN28FuelTank_Initialization_Test8TestBodyEv
FNDA:1,_ZN29FuelTank_InvalidQuantity_TestD2Ev
FNDA:1,_ZN28FuelTank_Initialization_TestD2Ev
FNDA:1,_ZN26FuelTank_OverQuantity_TestD2Ev
FNDA:1,_ZN28FuelTank_Initialization_TestC2Ev
FNDA:1,_ZN26FuelTank_OverQuantity_TestC2Ev
FNDA:1,_ZN29FuelTank_InvalidQuantity_TestD0Ev
FNDA:1,_ZN29FuelTank_InvalidCapacity_TestC2Ev
FNDA:1,_ZN28FuelTank_Initialization_TestD0Ev
FNDA:1,_ZN32FuelTank_UpdateFuelQuantity_TestD2Ev
FNDA:1,_ZN32FuelTank_UpdateFuelQuantity_TestC2Ev
FNDA:1,_ZN29FuelTank_InvalidQuantity_Test8TestBodyEv
FNDA:1,_ZN21FuelTank_IsEmpty_TestC2Ev
FNDA:1,_ZN31FuelTank_EmptySerialNumber_TestD2Ev
FNDA:1,_ZN31FuelTank_EmptySerialNumber_TestC2Ev
FNDA:1,_ZN31FuelTank_EmptySerialNumber_TestD0Ev
FNDA:1,_ZN29FuelTank_InvalidCapacity_Test8TestBodyEv
FNDA:1,_ZN26FuelTank_OverQuantity_TestD0Ev
FNDA:1,_ZN31FuelTank_EmptySerialNumber_Test8TestBodyEv
FNDA:1,_ZN21FuelTank_IsEmpty_TestD2Ev
FNF:28
FNH:28
DA:8,4
DA:10,1
DA:11,2
DA:12,1
DA:13,2
DA:14,1
DA:15,1
DA:16,1
DA:17,1
DA:18,1
DA:19,2
DA:20,1
DA:23,4
DA:25,1
DA:26,2
DA:27,1
DA:28,2
DA:29,4
DA:32,4
DA:34,1
DA:35,2
DA:36,1
DA:37,2
DA:38,4
DA:41,4
DA:43,1
DA:44,2
DA:45,1
DA:46,2
DA:47,4
DA:50,4
DA:52,1
DA:53,2
DA:54,1
DA:55,2
DA:56,4
DA:59,4
DA:61,1
DA:62,2
DA:63,1
DA:64,2
DA:65,1
DA:66,1
DA:68,1
DA:69,1
DA:70,1
DA:71,1
DA:73,1
DA:74,1
DA:76,2
DA:77,2
DA:79,1
DA:82,4
DA:84,1
DA:85,2
DA:86,1
DA:87,2
DA:88,1
DA:89,1
DA:91,1
DA:92,1
LF:61
LH:61
end_of_record
TN:
SF:/home/sylvain/Sources/IO/SDK/IO.SDK.Tests/GeodeticTests.cpp
FN:4,_ZN28Geodetic_Initialization_TestD0Ev
FN:4,_ZN28Geodetic_Initialization_TestC2Ev
FN:4,_ZN28Geodetic_Initialization_TestD2Ev
FN:4,_ZN28Geodetic_Initialization_Test8TestBodyEv
FNDA:1,_ZN28Geodetic_Initialization_TestC2Ev
FNDA:1,_ZN28Geodetic_Initialization_TestD2Ev
FNDA:1,_ZN28Geodetic_Initialization_TestD0Ev
FNDA:1,_ZN28Geodetic_Initialization_Test8TestBodyEv
FNF:4
FNH:4
DA:4,4
DA:6,1
DA:8,1
DA:9,1
DA:10,1
LF:5
LH:5
end_of_record
TN:
SF:/home/sylvain/Sources/IO/SDK/IO.SDK.Tests/GravityForceTests.cpp
FN:11,_ZN30GravityForce_ComputeForce_TestD2Ev
FN:11,_ZN30GravityForce_ComputeForce_Test8TestBodyEv
FN:11,_ZN30GravityForce_ComputeForce_TestD0Ev
FN:11,_ZN30GravityForce_ComputeForce_TestC2Ev
FN:17,_ZN29GravityForce_ApplyToBody_TestC2Ev
FN:17,_ZN29GravityForce_ApplyToBody_TestD2Ev
FN:17,_ZN29GravityForce_ApplyToBody_TestD0Ev
FN:17,_ZN29GravityForce_ApplyToBody_Test8TestBodyEv
FN:29,_ZN43GravityForce_ApplyToBodyWithSatellites_TestC2Ev
FN:29,_ZN43GravityForce_ApplyToBodyWithSatellites_TestD0Ev
FN:29,_ZN43GravityForce_ApplyToBodyWithSatellites_Test8TestBodyEv
FN:29,_ZN43GravityForce_ApplyToBodyWithSatellites_TestD2Ev
FNDA:1,_ZN29GravityForce_ApplyToBody_Test8TestBodyEv
FNDA:1,_ZN43GravityForce_ApplyToBodyWithSatellites_TestD2Ev
FNDA:1,_ZN29GravityForce_ApplyToBody_TestD0Ev
FNDA:1,_ZN30GravityForce_ComputeForce_TestC2Ev
FNDA:1,_ZN43GravityForce_ApplyToBodyWithSatellites_Test8TestBodyEv
FNDA:1,_ZN29GravityForce_ApplyToBody_TestC2Ev
FNDA:1,_ZN29GravityForce_ApplyToBody_TestD2Ev
FNDA:1,_ZN43GravityForce_ApplyToBodyWithSatellites_TestD0Ev
FNDA:1,_ZN43GravityForce_ApplyToBodyWithSatellites_TestC2Ev
FNDA:1,_ZN30GravityForce_ComputeForce_TestD2Ev
FNDA:1,_ZN30GravityForce_ComputeForce_TestD0Ev
FNDA:1,_ZN30GravityForce_ComputeForce_Test8TestBodyEv
FNF:12
FNH:12
DA:11,4
DA:13,1
DA:14,1
DA:17,4
DA:19,1
DA:20,1
DA:21,2
DA:22,1
DA:23,2
DA:25,1
DA:26,1
DA:29,4
DA:31,1
DA:32,2
DA:33,1
DA:38,1
DA:43,1
DA:44,1
DA:45,1
DA:46,2
DA:48,1
DA:50,1
LF:22
LH:22
end_of_record
TN:
SF:/home/sylvain/Sources/IO/SDK/IO.SDK.Tests/HelpersTests.cpp
FN:5,_ZN19Helpers_TypeOf_TestD0Ev
FN:5,_ZN19Helpers_TypeOf_TestC2Ev
FN:5,_ZN19Helpers_TypeOf_Test8TestBodyEv
FN:5,_ZN19Helpers_TypeOf_TestD2Ev
FNDA:1,_ZN19Helpers_TypeOf_TestC2Ev
FNDA:1,_ZN19Helpers_TypeOf_Test8TestBodyEv
FNDA:1,_ZN19Helpers_TypeOf_TestD2Ev
FNDA:1,_ZN19Helpers_TypeOf_TestD0Ev
FNF:4
FNH:4
DA:5,4
DA:7,2
DA:8,1
DA:9,1
DA:11,1
DA:12,1
DA:13,1
LF:7
LH:7
end_of_record
TN:
SF:/home/sylvain/Sources/IO/SDK/IO.SDK.Tests/HorizontalCoordinatesTests.cpp
FN:4,_ZN41HorizontalCoordinates_Initialization_TestD0Ev
FN:4,_ZN41HorizontalCoordinates_Initialization_TestC2Ev
FN:4,_ZN41HorizontalCoordinates_Initialization_TestD2Ev
FN:4,_ZN41HorizontalCoordinates_Initialization_Test8TestBodyEv
FNDA:1,_ZN41HorizontalCoordinates_Initialization_TestD0Ev
FNDA:1,_ZN41HorizontalCoordinates_Initialization_TestC2Ev
FNDA:1,_ZN41HorizontalCoordinates_Initialization_TestD2Ev
FNDA:1,_ZN41HorizontalCoordinates_Initialization_Test8TestBodyEv
FNF:4
FNH:4
DA:4,4
DA:6,1
DA:7,1
DA:8,1
DA:9,1
LF:5
LH:5
end_of_record
TN:
SF:/home/sylvain/Sources/IO/SDK/IO.SDK.Tests/IlluminationTests.cpp
FN:8,_ZN32Illumination_Initialization_TestD0Ev
FN:8,_ZN32Illumination_Initialization_TestD2Ev
FN:8,_ZN32Illumination_Initialization_Test8TestBodyEv
FN:8,_ZN32Illumination_Initialization_TestC2Ev
FN:22,_ZN22Illumination_Copy_TestD0Ev
FN:22,_ZN22Illumination_Copy_Test8TestBodyEv
FN:22,_ZN22Illumination_Copy_TestD2Ev
FN:22,_ZN22Illumination_Copy_TestC2Ev
FNDA:1,_ZN22Illumination_Copy_TestC2Ev
FNDA:1,_ZN32Illumination_Initialization_Test8TestBodyEv
FNDA:1,_ZN32Illumination_Initialization_TestC2Ev
FNDA:1,_ZN22Illumination_Copy_TestD0Ev
FNDA:1,_ZN32Illumination_Initialization_TestD0Ev
FNDA:1,_ZN32Illumination_Initialization_TestD2Ev
FNDA:1,_ZN22Illumination_Copy_TestD2Ev
FNDA:1,_ZN22Illumination_Copy_Test8TestBodyEv
FNF:8
FNH:8
DA:8,4
DA:10,1
DA:11,1
DA:12,1
DA:13,1
DA:14,1
DA:15,1
DA:16,1
DA:17,1
DA:18,1
DA:19,1
DA:22,4
DA:24,1
DA:25,1
DA:26,1
DA:27,1
DA:29,1
DA:30,1
DA:31,1
DA:32,1
DA:33,1
DA:34,1
DA:35,1
DA:36,1
LF:24
LH:24
end_of_record
TN:
SF:/home/sylvain/Sources/IO/SDK/IO.SDK.Tests/InclinationManeuverTests.cpp
FN:18,_ZN44OrbitalPlaneChangingManeuver_CanExecute_TestD2Ev
FN:18,_ZN44OrbitalPlaneChangingManeuver_CanExecute_TestC2Ev
FN:18,_ZN44OrbitalPlaneChangingManeuver_CanExecute_Test8TestBodyEv
FN:18,_ZN44OrbitalPlaneChangingManeuver_CanExecute_TestD0Ev
FN:93,_ZN46OrbitalPlaneChangingManeuver_IdentifyNode_Test8TestBodyEv
FN:93,_ZN46OrbitalPlaneChangingManeuver_IdentifyNode_TestC2Ev
FN:93,_ZN46OrbitalPlaneChangingManeuver_IdentifyNode_TestD2Ev
FN:93,_ZN46OrbitalPlaneChangingManeuver_IdentifyNode_TestD0Ev
FN:122,_ZN47OrbitalPlaneChangingManeuver_IdentifyNode2_TestD0Ev
FN:122,_ZN47OrbitalPlaneChangingManeuver_IdentifyNode2_TestD2Ev
FN:122,_ZN47OrbitalPlaneChangingManeuver_IdentifyNode2_Test8TestBodyEv
FN:122,_ZN47OrbitalPlaneChangingManeuver_IdentifyNode2_TestC2Ev
FN:151,_ZN47OrbitalPlaneChangingManeuver_IdentifyNode3_TestD0Ev
FN:151,_ZN47OrbitalPlaneChangingManeuver_IdentifyNode3_Test8TestBodyEv
FN:151,_ZN47OrbitalPlaneChangingManeuver_IdentifyNode3_TestC2Ev
FN:151,_ZN47OrbitalPlaneChangingManeuver_IdentifyNode3_TestD2Ev
FN:180,_ZN58OrbitalPlaneChangingManeuver_ExecuteInsuffisantDeltaV_TestC2Ev
FN:180,_ZN58OrbitalPlaneChangingManeuver_ExecuteInsuffisantDeltaV_TestD2Ev
FN:180,_ZN58OrbitalPlaneChangingManeuver_ExecuteInsuffisantDeltaV_TestD0Ev
FN:180,_ZN58OrbitalPlaneChangingManeuver_ExecuteInsuffisantDeltaV_Test8TestBodyEv
FN:216,_ZN43OrbitalPlaneChangingManeuver_ExecuteDN_TestC2Ev
FN:216,_ZN43OrbitalPlaneChangingManeuver_ExecuteDN_Test8TestBodyEv
FN:216,_ZN43OrbitalPlaneChangingManeuver_ExecuteDN_TestD2Ev
FN:216,_ZN43OrbitalPlaneChangingManeuver_ExecuteDN_TestD0Ev
FN:271,_ZN43OrbitalPlaneChangingManeuver_ExecuteAN_Test8TestBodyEv
FN:271,_ZN43OrbitalPlaneChangingManeuver_ExecuteAN_TestD0Ev
FN:271,_ZN43OrbitalPlaneChangingManeuver_ExecuteAN_TestD2Ev
FN:271,_ZN43OrbitalPlaneChangingManeuver_ExecuteAN_TestC2Ev
FNDA:1,_ZN43OrbitalPlaneChangingManeuver_ExecuteAN_TestC2Ev
FNDA:1,_ZN43OrbitalPlaneChangingManeuver_ExecuteDN_TestD0Ev
FNDA:1,_ZN43OrbitalPlaneChangingManeuver_ExecuteDN_TestD2Ev
FNDA:1,_ZN47OrbitalPlaneChangingManeuver_IdentifyNode3_TestC2Ev
FNDA:1,_ZN47OrbitalPlaneChangingManeuver_IdentifyNode3_Test8TestBodyEv
FNDA:1,_ZN47OrbitalPlaneChangingManeuver_IdentifyNode3_TestD2Ev
FNDA:1,_ZN46OrbitalPlaneChangingManeuver_IdentifyNode_TestD0Ev
FNDA:1,_ZN47OrbitalPlaneChangingManeuver_IdentifyNode2_Test8TestBodyEv
FNDA:1,_ZN47OrbitalPlaneChangingManeuver_IdentifyNode3_TestD0Ev
FNDA:1,_ZN58OrbitalPlaneChangingManeuver_ExecuteInsuffisantDeltaV_Test8TestBodyEv
FNDA:1,_ZN47OrbitalPlaneChangingManeuver_IdentifyNode2_TestC2Ev
FNDA:1,_ZN58OrbitalPlaneChangingManeuver_ExecuteInsuffisantDeltaV_TestD0Ev
FNDA:1,_ZN43OrbitalPlaneChangingManeuver_ExecuteAN_TestD2Ev
FNDA:1,_ZN58OrbitalPlaneChangingManeuver_ExecuteInsuffisantDeltaV_TestD2Ev
FNDA:1,_ZN44OrbitalPlaneChangingManeuver_CanExecute_Test8TestBodyEv
FNDA:1,_ZN43OrbitalPlaneChangingManeuver_ExecuteDN_Test8TestBodyEv
FNDA:1,_ZN43OrbitalPlaneChangingManeuver_ExecuteDN_TestC2Ev
FNDA:1,_ZN47OrbitalPlaneChangingManeuver_IdentifyNode2_TestD2Ev
FNDA:1,_ZN46OrbitalPlaneChangingManeuver_IdentifyNode_TestD2Ev
FNDA:1,_ZN44OrbitalPlaneChangingManeuver_CanExecute_TestD0Ev
FNDA:1,_ZN46OrbitalPlaneChangingManeuver_IdentifyNode_TestC2Ev
FNDA:1,_ZN58OrbitalPlaneChangingManeuver_ExecuteInsuffisantDeltaV_TestC2Ev
FNDA:1,_ZN43OrbitalPlaneChangingManeuver_ExecuteAN_Test8TestBodyEv
FNDA:1,_ZN44OrbitalPlaneChangingManeuver_CanExecute_TestD2Ev
FNDA:1,_ZN44OrbitalPlaneChangingManeuver_CanExecute_TestC2Ev
FNDA:1,_ZN43OrbitalPlaneChangingManeuver_ExecuteAN_TestD0Ev
FNDA:1,_ZN46OrbitalPlaneChangingManeuver_IdentifyNode_Test8TestBodyEv
FNDA:1,_ZN47OrbitalPlaneChangingManeuver_IdentifyNode2_TestD0Ev
FNF:28
FNH:28
DA:18,4
DA:20,1
DA:21,2
DA:22,2
DA:23,1
DA:24,2
DA:26,1
DA:27,2
DA:29,1
DA:30,1
DA:32,1
DA:34,1
DA:35,1
DA:37,1
DA:39,1
DA:40,1
DA:42,1
DA:45,1
DA:48,1
DA:51,1
DA:58,1
DA:61,1
DA:64,1
DA:71,1
DA:74,1
DA:77,1
DA:84,1
DA:87,1
DA:90,1
DA:93,4
DA:95,1
DA:96,2
DA:97,2
DA:98,1
DA:99,2
DA:101,1
DA:102,2
DA:104,1
DA:105,1
DA:107,1
DA:109,1
DA:110,1
DA:112,1
DA:114,1
DA:115,1
DA:118,1
DA:119,1
DA:122,4
DA:124,1
DA:125,2
DA:126,2
DA:127,1
DA:128,2
DA:130,1
DA:131,2
DA:133,1
DA:134,1
DA:136,1
DA:138,1
DA:139,1
DA:141,1
DA:143,1
DA:144,1
DA:147,1
DA:148,1
DA:151,4
DA:153,1
DA:154,2
DA:155,2
DA:156,1
DA:157,2
DA:159,1
DA:160,2
DA:162,1
DA:163,1
DA:165,1
DA:167,1
DA:168,1
DA:170,1
DA:172,1
DA:173,1
DA:176,1
DA:177,1
DA:180,4
DA:183,1
DA:184,2
DA:185,2
DA:186,1
DA:187,2
DA:189,1
DA:190,2
DA:192,1
DA:193,1
DA:195,1
DA:197,1
DA:198,1
DA:200,1
DA:202,1
DA:203,1
DA:207,1
DA:210,1
DA:212,1
DA:213,1
DA:216,4
DA:219,1
DA:220,2
DA:221,2
DA:222,1
DA:223,2
DA:225,1
DA:226,2
DA:228,1
DA:230,1
DA:231,1
DA:233,1
DA:235,1
DA:236,1
DA:238,1
DA:240,1
DA:241,1
DA:245,1
DA:248,1
DA:250,1
DA:253,1
DA:256,1
DA:257,1
DA:258,1
DA:259,1
DA:262,1
DA:265,1
DA:268,2
DA:271,4
DA:274,1
DA:275,2
DA:276,2
DA:277,1
DA:278,2
DA:280,1
DA:281,2
DA:283,1
DA:285,1
DA:286,1
DA:288,1
DA:290,1
DA:291,1
DA:293,1
DA:295,1
DA:296,1
DA:300,1
DA:303,1
DA:305,1
DA:308,1
DA:311,1
DA:312,1
DA:313,1
DA:314,1
DA:317,1
DA:320,1
DA:323,2
LF:159
LH:159
end_of_record
TN:
SF:/home/sylvain/Sources/IO/SDK/IO.SDK.Tests/InertialFramesTestscpp.cpp
FN:11,_ZN28InertialFrames_ToString_TestD0Ev
FN:11,_ZN28InertialFrames_ToString_TestD2Ev
FN:11,_ZN28InertialFrames_ToString_Test8TestBodyEv
FN:11,_ZN28InertialFrames_ToString_TestC2Ev
FN:18,_ZN27InertialFrames_GetName_Test8TestBodyEv
FN:18,_ZN27InertialFrames_GetName_TestC2Ev
FN:18,_ZN27InertialFrames_GetName_TestD0Ev
FN:18,_ZN27InertialFrames_GetName_TestD2Ev
FN:25,_ZN25InertialFrames_Equal_TestD0Ev
FN:25,_ZN25InertialFrames_Equal_TestD2Ev
FN:25,_ZN25InertialFrames_Equal_Test8TestBodyEv
FN:25,_ZN25InertialFrames_Equal_TestC2Ev
FN:30,_ZN28InertialFrames_NotEqual_Test8TestBodyEv
FN:30,_ZN28InertialFrames_NotEqual_TestD2Ev
FN:30,_ZN28InertialFrames_NotEqual_TestC2Ev
FN:30,_ZN28InertialFrames_NotEqual_TestD0Ev
FN:35,_ZN30InertialFrames_ToFrame6x6_TestC2Ev
FN:35,_ZN30InertialFrames_ToFrame6x6_Test8TestBodyEv
FN:35,_ZN30InertialFrames_ToFrame6x6_TestD0Ev
FN:35,_ZN30InertialFrames_ToFrame6x6_TestD2Ev
FN:82,_ZN35InertialFrames_TransformVector_TestC2Ev
FN:82,_ZN35InertialFrames_TransformVector_TestD2Ev
FN:82,_ZN35InertialFrames_TransformVector_TestD0Ev
FN:82,_ZN35InertialFrames_TransformVector_Test8TestBodyEv
FNDA:1,_ZN28InertialFrames_NotEqual_TestD0Ev
FNDA:1,_ZN30InertialFrames_ToFrame6x6_TestD2Ev
FNDA:1,_ZN28InertialFrames_NotEqual_TestC2Ev
FNDA:1,_ZN28InertialFrames_ToString_TestC2Ev
FNDA:1,_ZN27InertialFrames_GetName_TestD2Ev
FNDA:1,_ZN28InertialFrames_ToString_Test8TestBodyEv
FNDA:1,_ZN25InertialFrames_Equal_TestC2Ev
FNDA:1,_ZN30InertialFrames_ToFrame6x6_Test8TestBodyEv
FNDA:1,_ZN30InertialFrames_ToFrame6x6_TestD0Ev
FNDA:1,_ZN27InertialFrames_GetName_TestD0Ev
FNDA:1,_ZN30InertialFrames_ToFrame6x6_TestC2Ev
FNDA:1,_ZN25InertialFrames_Equal_Test8TestBodyEv
FNDA:1,_ZN35InertialFrames_TransformVector_Test8TestBodyEv
FNDA:1,_ZN28InertialFrames_ToString_TestD2Ev
FNDA:1,_ZN28InertialFrames_NotEqual_TestD2Ev
FNDA:1,_ZN27InertialFrames_GetName_Test8TestBodyEv
FNDA:1,_ZN27InertialFrames_GetName_TestC2Ev
FNDA:1,_ZN35InertialFrames_TransformVector_TestD0Ev
FNDA:1,_ZN28InertialFrames_ToString_TestD0Ev
FNDA:1,_ZN28InertialFrames_NotEqual_Test8TestBodyEv
FNDA:1,_ZN35InertialFrames_TransformVector_TestD2Ev
FNDA:1,_ZN25InertialFrames_Equal_TestD2Ev
FNDA:1,_ZN25InertialFrames_Equal_TestD0Ev
FNDA:1,_ZN35InertialFrames_TransformVector_TestC2Ev
FNF:24
FNH:24
DA:11,4
DA:13,1
DA:14,1
DA:15,1
DA:18,4
DA:20,2
DA:21,2
DA:22,2
DA:25,4
DA:27,1
DA:30,4
DA:32,1
DA:35,4
DA:37,1
DA:39,1
DA:40,1
DA:41,1
DA:42,1
DA:43,1
DA:44,1
DA:46,1
DA:47,1
DA:48,1
DA:49,1
DA:50,1
DA:51,1
DA:53,1
DA:54,1
DA:55,1
DA:56,1
DA:57,1
DA:58,1
DA:60,1
DA:61,1
DA:62,1
DA:63,1
DA:64,1
DA:65,1
DA:67,1
DA:68,1
DA:69,1
DA:70,1
DA:71,1
DA:72,1
DA:74,1
DA:75,1
DA:76,1
DA:77,1
DA:78,1
DA:79,1
DA:82,4
DA:84,1
DA:85,2
DA:86,1
DA:89,1
DA:91,1
DA:92,1
DA:93,1
LF:58
LH:58
end_of_record
TN:
SF:/home/sylvain/Sources/IO/SDK/IO.SDK.Tests/InstrumentTests.cpp
FN:24,_ZN30Instrument_Initialization_Test8TestBodyEv
FN:24,_ZN30Instrument_Initialization_TestC2Ev
FN:24,_ZN30Instrument_Initialization_TestD0Ev
FN:24,_ZN30Instrument_Initialization_TestD2Ev
FN:50,_ZN21Instrument_Frame_TestD0Ev
FN:50,_ZN21Instrument_Frame_TestC2Ev
FN:50,_ZN21Instrument_Frame_TestD2Ev
FN:50,_ZN21Instrument_Frame_Test8TestBodyEv
FN:101,_ZN30Instrument_CircularKernel_TestC2Ev
FN:101,_ZN30Instrument_CircularKernel_TestD0Ev
FN:101,_ZN30Instrument_CircularKernel_Test8TestBodyEv
FN:101,_ZN30Instrument_CircularKernel_TestD2Ev
FN:145,_ZN33Instrument_RectangularKernel_TestD0Ev
FN:145,_ZN33Instrument_RectangularKernel_TestC2Ev
FN:145,_ZN33Instrument_RectangularKernel_Test8TestBodyEv
FN:145,_ZN33Instrument_RectangularKernel_TestD2Ev
FN:189,_ZN32Instrument_EllipticalKernel_TestC2Ev
FN:189,_ZN32Instrument_EllipticalKernel_Test8TestBodyEv
FN:189,_ZN32Instrument_EllipticalKernel_TestD0Ev
FN:189,_ZN32Instrument_EllipticalKernel_TestD2Ev
FN:233,_ZN26Instrument_Boundaries_TestD2Ev
FN:233,_ZN26Instrument_Boundaries_Test8TestBodyEv
FN:233,_ZN26Instrument_Boundaries_TestD0Ev
FN:233,_ZN26Instrument_Boundaries_TestC2Ev
FN:260,_ZN25Instrument_Boresight_TestC2Ev
FN:260,_ZN25Instrument_Boresight_Test8TestBodyEv
FN:260,_ZN25Instrument_Boresight_TestD2Ev
FN:260,_ZN25Instrument_Boresight_TestD0Ev
FN:287,_ZN24Instrument_FOVShape_Test8TestBodyEv
FN:287,_ZN24Instrument_FOVShape_TestD0Ev
FN:287,_ZN24Instrument_FOVShape_TestD2Ev
FN:287,_ZN24Instrument_FOVShape_TestC2Ev
FN:312,_ZN24Instrument_GetBadId_TestC2Ev
FN:312,_ZN24Instrument_GetBadId_Test8TestBodyEv
FN:312,_ZN24Instrument_GetBadId_TestD0Ev
FN:312,_ZN24Instrument_GetBadId_TestD2Ev
FN:334,_ZN27Instrument_CreateBadId_Test8TestBodyEv
FN:334,_ZN27Instrument_CreateBadId_TestD0Ev
FN:334,_ZN27Instrument_CreateBadId_TestD2Ev
FN:334,_ZN27Instrument_CreateBadId_TestC2Ev
FN:355,_ZN29Instrument_AlreadyExists_TestD2Ev
FN:355,_ZN29Instrument_AlreadyExists_Test8TestBodyEv
FN:355,_ZN29Instrument_AlreadyExists_TestC2Ev
FN:355,_ZN29Instrument_AlreadyExists_TestD0Ev
FN:376,_ZN37Instrument_FindWindowFieldOfView_TestD2Ev
FN:376,_ZN37Instrument_FindWindowFieldOfView_TestC2Ev
FN:376,_ZN37Instrument_FindWindowFieldOfView_TestD0Ev
FN:376,_ZN37Instrument_FindWindowFieldOfView_Test8TestBodyEv
FNDA:1,_ZN26Instrument_Boundaries_TestC2Ev
FNDA:1,_ZN29Instrument_AlreadyExists_TestC2Ev
FNDA:1,_ZN30Instrument_CircularKernel_Test8TestBodyEv
FNDA:1,_ZN21Instrument_Frame_TestC2Ev
FNDA:1,_ZN32Instrument_EllipticalKernel_Test8TestBodyEv
FNDA:1,_ZN25Instrument_Boresight_TestD2Ev
FNDA:1,_ZN33Instrument_RectangularKernel_TestD0Ev
FNDA:1,_ZN25Instrument_Boresight_Test8TestBodyEv
FNDA:1,_ZN21Instrument_Frame_TestD0Ev
FNDA:1,_ZN30Instrument_Initialization_TestD2Ev
FNDA:1,_ZN26Instrument_Boundaries_TestD0Ev
FNDA:1,_ZN24Instrument_FOVShape_TestD2Ev
FNDA:1,_ZN30Instrument_CircularKernel_TestD0Ev
FNDA:1,_ZN32Instrument_EllipticalKernel_TestC2Ev
FNDA:1,_ZN37Instrument_FindWindowFieldOfView_TestD2Ev
FNDA:1,_ZN30Instrument_Initialization_TestC2Ev
FNDA:1,_ZN27Instrument_CreateBadId_TestD0Ev
FNDA:1,_ZN30Instrument_Initialization_TestD0Ev
FNDA:1,_ZN25Instrument_Boresight_TestC2Ev
FNDA:1,_ZN27Instrument_CreateBadId_TestD2Ev
FNDA:1,_ZN26Instrument_Boundaries_TestD2Ev
FNDA:1,_ZN27Instrument_CreateBadId_Test8TestBodyEv
FNDA:1,_ZN29Instrument_AlreadyExists_TestD2Ev
FNDA:1,_ZN24Instrument_FOVShape_Test8TestBodyEv
FNDA:1,_ZN30Instrument_CircularKernel_TestC2Ev
FNDA:1,_ZN24Instrument_GetBadId_TestC2Ev
FNDA:1,_ZN24Instrument_FOVShape_TestD0Ev
FNDA:1,_ZN24Instrument_GetBadId_Test8TestBodyEv
FNDA:1,_ZN26Instrument_Boundaries_Test8TestBodyEv
FNDA:1,_ZN29Instrument_AlreadyExists_Test8TestBodyEv
FNDA:1,_ZN30Instrument_Initialization_Test8TestBodyEv
FNDA:1,_ZN37Instrument_FindWindowFieldOfView_Test8TestBodyEv
FNDA:1,_ZN30Instrument_CircularKernel_TestD2Ev
FNDA:1,_ZN33Instrument_RectangularKernel_TestD2Ev
FNDA:1,_ZN21Instrument_Frame_Test8TestBodyEv
FNDA:1,_ZN24Instrument_GetBadId_TestD2Ev
FNDA:1,_ZN25Instrument_Boresight_TestD0Ev
FNDA:1,_ZN37Instrument_FindWindowFieldOfView_TestD0Ev
FNDA:1,_ZN32Instrument_EllipticalKernel_TestD2Ev
FNDA:1,_ZN29Instrument_AlreadyExists_TestD0Ev
FNDA:1,_ZN32Instrument_EllipticalKernel_TestD0Ev
FNDA:1,_ZN24Instrument_FOVShape_TestC2Ev
FNDA:1,_ZN37Instrument_FindWindowFieldOfView_TestC2Ev
FNDA:1,_ZN33Instrument_RectangularKernel_Test8TestBodyEv
FNDA:1,_ZN21Instrument_Frame_TestD2Ev
FNDA:1,_ZN27Instrument_CreateBadId_TestC2Ev
FNDA:1,_ZN24Instrument_GetBadId_TestD0Ev
FNDA:1,_ZN33Instrument_RectangularKernel_TestC2Ev
FNF:48
FNH:48
DA:24,4
DA:26,2
DA:27,1
DA:29,1
DA:32,1
DA:33,1
DA:34,1
DA:36,1
DA:37,2
DA:38,1
DA:39,2
DA:41,1
DA:42,1
DA:44,1
DA:45,1
DA:46,2
DA:47,1
DA:50,4
DA:52,2
DA:53,1
DA:55,1
DA:58,1
DA:59,1
DA:60,1
DA:62,1
DA:63,2
DA:64,1
DA:65,2
DA:67,1
DA:69,2
DA:70,1
DA:72,2
DA:73,1
DA:75,2
DA:76,1
DA:78,2
DA:79,1
DA:81,2
DA:82,1
DA:84,2
DA:85,1
DA:87,2
DA:88,1
DA:90,2
DA:91,1
DA:92,1
DA:93,1
DA:95,2
DA:96,1
DA:97,1
DA:98,1
DA:101,4
DA:103,2
DA:104,1
DA:106,1
DA:109,1
DA:110,1
DA:111,1
DA:113,1
DA:114,2
DA:115,1
DA:116,2
DA:117,1
DA:119,2
DA:120,1
DA:122,2
DA:123,1
DA:125,2
DA:126,1
DA:128,2
DA:129,1
DA:130,1
DA:131,1
DA:133,2
DA:134,1
DA:135,1
DA:136,1
DA:138,2
DA:139,1
DA:141,2
DA:142,1
DA:145,4
DA:147,2
DA:148,1
DA:150,1
DA:153,1
DA:154,1
DA:155,1
DA:157,1
DA:158,2
DA:159,1
DA:160,2
DA:161,1
DA:163,2
DA:164,1
DA:166,2
DA:167,1
DA:169,2
DA:170,1
DA:172,2
DA:173,1
DA:174,1
DA:175,1
DA:177,2
DA:178,1
DA:179,1
DA:180,1
DA:182,2
DA:183,1
DA:185,2
DA:186,1
DA:189,4
DA:191,2
DA:192,1
DA:194,1
DA:197,1
DA:198,1
DA:199,1
DA:201,1
DA:202,2
DA:203,1
DA:204,2
DA:205,1
DA:207,2
DA:208,1
DA:210,2
DA:211,1
DA:213,2
DA:214,1
DA:216,2
DA:217,1
DA:218,1
DA:219,1
DA:221,2
DA:222,1
DA:223,1
DA:224,1
DA:226,2
DA:227,1
DA:229,2
DA:230,1
DA:233,4
DA:235,2
DA:236,1
DA:238,1
DA:241,1
DA:242,1
DA:243,1
DA:245,1
DA:246,2
DA:247,1
DA:248,2
DA:249,1
DA:251,1
DA:253,1
DA:255,1
DA:256,1
DA:257,1
DA:260,4
DA:262,2
DA:263,1
DA:265,1
DA:268,1
DA:269,1
DA:270,1
DA:272,1
DA:273,2
DA:274,1
DA:275,2
DA:276,1
DA:278,1
DA:280,1
DA:282,1
DA:283,1
DA:284,1
DA:287,4
DA:289,2
DA:290,1
DA:292,1
DA:295,1
DA:296,1
DA:297,1
DA:299,1
DA:300,2
DA:301,1
DA:302,2
DA:303,1
DA:305,1
DA:307,1
DA:309,1
DA:312,4
DA:314,2
DA:315,1
DA:317,1
DA:320,1
DA:321,1
DA:322,1
DA:324,1
DA:325,2
DA:326,1
DA:327,2
DA:328,1
DA:331,1
DA:334,4
DA:336,2
DA:337,1
DA:339,1
DA:342,1
DA:343,1
DA:344,1
DA:346,1
DA:347,2
DA:348,1
DA:349,2
DA:352,4
DA:355,4
DA:357,2
DA:358,1
DA:360,0
DA:363,1
DA:364,1
DA:365,1
DA:367,1
DA:368,2
DA:369,1
DA:370,2
DA:372,1
DA:373,4
DA:376,4
DA:380,2
DA:381,1
DA:383,1
DA:386,1
DA:387,1
DA:388,1
DA:390,1
DA:391,1
DA:392,1
DA:393,2
DA:395,1
DA:396,2
DA:398,1
DA:399,1
DA:402,1
DA:403,1
DA:405,1
DA:407,1
DA:408,1
DA:409,1
DA:411,2
DA:413,1
DA:416,1
DA:417,1
DA:418,2
DA:419,1
DA:420,1
DA:422,1
DA:424,647
DA:426,646
DA:427,646
DA:428,646
DA:429,646
DA:432,1
DA:434,1
DA:437,2
DA:438,1
DA:440,2
DA:441,1
DA:444,2
DA:446,1
DA:447,2
DA:448,2
DA:450,2
DA:451,2
LF:274
LH:273
end_of_record
TN:
SF:/home/sylvain/Sources/IO/SDK/IO.SDK.Tests/LatitudinalTests.cpp
FN:4,_ZN31Latitudinal_Initialization_TestC2Ev
FN:4,_ZN31Latitudinal_Initialization_TestD0Ev
FN:4,_ZN31Latitudinal_Initialization_TestD2Ev
FN:4,_ZN31Latitudinal_Initialization_Test8TestBodyEv
FNDA:1,_ZN31Latitudinal_Initialization_TestD2Ev
FNDA:1,_ZN31Latitudinal_Initialization_Test8TestBodyEv
FNDA:1,_ZN31Latitudinal_Initialization_TestD0Ev
FNDA:1,_ZN31Latitudinal_Initialization_TestC2Ev
FNF:4
FNH:4
DA:4,4
DA:6,1
DA:7,1
DA:8,1
DA:9,1
LF:5
LH:5
end_of_record
TN:
SF:/home/sylvain/Sources/IO/SDK/IO.SDK.Tests/LaunchSiteTests.cpp
FN:9,_ZN26LaunchSite_AddAzimuth_TestD0Ev
FN:9,_ZN26LaunchSite_AddAzimuth_TestD2Ev
FN:9,_ZN26LaunchSite_AddAzimuth_Test8TestBodyEv
FN:9,_ZN26LaunchSite_AddAzimuth_TestC2Ev
FN:21,_ZN28LaunchSite_ClearAzimuth_TestD2Ev
FN:21,_ZN28LaunchSite_ClearAzimuth_TestD0Ev
FN:21,_ZN28LaunchSite_ClearAzimuth_TestC2Ev
FN:21,_ZN28LaunchSite_ClearAzimuth_Test8TestBodyEv
FN:35,_ZN38LaunchSite_IsAzimuthLaunchAllowed_TestC2Ev
FN:35,_ZN38LaunchSite_IsAzimuthLaunchAllowed_TestD2Ev
FN:35,_ZN38LaunchSite_IsAzimuthLaunchAllowed_Test8TestBodyEv
FN:35,_ZN38LaunchSite_IsAzimuthLaunchAllowed_TestD0Ev
FNDA:1,_ZN28LaunchSite_ClearAzimuth_Test8TestBodyEv
FNDA:1,_ZN38LaunchSite_IsAzimuthLaunchAllowed_TestD0Ev
FNDA:1,_ZN38LaunchSite_IsAzimuthLaunchAllowed_Test8TestBodyEv
FNDA:1,_ZN28LaunchSite_ClearAzimuth_TestC2Ev
FNDA:1,_ZN28LaunchSite_ClearAzimuth_TestD0Ev
FNDA:1,_ZN26LaunchSite_AddAzimuth_TestC2Ev
FNDA:1,_ZN38LaunchSite_IsAzimuthLaunchAllowed_TestD2Ev
FNDA:1,_ZN28LaunchSite_ClearAzimuth_TestD2Ev
FNDA:1,_ZN26LaunchSite_AddAzimuth_Test8TestBodyEv
FNDA:1,_ZN26LaunchSite_AddAzimuth_TestD2Ev
FNDA:1,_ZN26LaunchSite_AddAzimuth_TestD0Ev
FNDA:1,_ZN38LaunchSite_IsAzimuthLaunchAllowed_TestC2Ev
FNF:12
FNH:12
DA:9,4
DA:11,1
DA:12,1
DA:13,2
DA:14,1
DA:15,1
DA:17,1
DA:18,2
DA:21,4
DA:23,1
DA:24,1
DA:25,2
DA:26,1
DA:27,1
DA:29,1
DA:31,1
DA:32,1
DA:35,4
DA:37,1
DA:38,1
DA:39,2
DA:40,1
DA:41,1
DA:43,1
DA:44,1
LF:25
LH:25
end_of_record
TN:
SF:/home/sylvain/Sources/IO/SDK/IO.SDK.Tests/LaunchTests.cpp
FN:15,_ZN36Launch_InertialAscendingAzimuth_Test8TestBodyEv
FN:15,_ZN36Launch_InertialAscendingAzimuth_TestC2Ev
FN:15,_ZN36Launch_InertialAscendingAzimuth_TestD0Ev
FN:15,_ZN36Launch_InertialAscendingAzimuth_TestD2Ev
FN:30,_ZN37Launch_InertialDescendingAzimuth_TestC2Ev
FN:30,_ZN37Launch_InertialDescendingAzimuth_TestD0Ev
FN:30,_ZN37Launch_InertialDescendingAzimuth_TestD2Ev
FN:30,_ZN37Launch_InertialDescendingAzimuth_Test8TestBodyEv
FN:45,_ZN37Launch_InertialInsertionVelocity_Test8TestBodyEv
FN:45,_ZN37Launch_InertialInsertionVelocity_TestD2Ev
FN:45,_ZN37Launch_InertialInsertionVelocity_TestC2Ev
FN:45,_ZN37Launch_InertialInsertionVelocity_TestD0Ev
FN:60,_ZN39Launch_NonInertialAscendingAzimuth_TestD2Ev
FN:60,_ZN39Launch_NonInertialAscendingAzimuth_TestC2Ev
FN:60,_ZN39Launch_NonInertialAscendingAzimuth_TestD0Ev
FN:60,_ZN39Launch_NonInertialAscendingAzimuth_Test8TestBodyEv
FN:75,_ZN40Launch_NonInertialDescendingAzimuth_TestD0Ev
FN:75,_ZN40Launch_NonInertialDescendingAzimuth_TestC2Ev
FN:75,_ZN40Launch_NonInertialDescendingAzimuth_TestD2Ev
FN:75,_ZN40Launch_NonInertialDescendingAzimuth_Test8TestBodyEv
FN:90,_ZN40Launch_NonInertialInsertionVelocity_Test8TestBodyEv
FN:90,_ZN40Launch_NonInertialInsertionVelocity_TestD2Ev
FN:90,_ZN40Launch_NonInertialInsertionVelocity_TestC2Ev
FN:90,_ZN40Launch_NonInertialInsertionVelocity_TestD0Ev
FN:105,_ZN49Launch_RetrogradeNonInertialAscendingAzimuth_TestD2Ev
FN:105,_ZN49Launch_RetrogradeNonInertialAscendingAzimuth_TestD0Ev
FN:105,_ZN49Launch_RetrogradeNonInertialAscendingAzimuth_TestC2Ev
FN:105,_ZN49Launch_RetrogradeNonInertialAscendingAzimuth_Test8TestBodyEv
FN:120,_ZN46Launch_RetrogradeInertialAscendingAzimuth_TestD0Ev
FN:120,_ZN46Launch_RetrogradeInertialAscendingAzimuth_Test8TestBodyEv
FN:120,_ZN46Launch_RetrogradeInertialAscendingAzimuth_TestC2Ev
FN:120,_ZN46Launch_RetrogradeInertialAscendingAzimuth_TestD2Ev
FN:135,_ZN50Launch_RetrogradeNonInertialInsertionVelocity_Test8TestBodyEv
FN:135,_ZN50Launch_RetrogradeNonInertialInsertionVelocity_TestD2Ev
FN:135,_ZN50Launch_RetrogradeNonInertialInsertionVelocity_TestC2Ev
FN:135,_ZN50Launch_RetrogradeNonInertialInsertionVelocity_TestD0Ev
FN:150,_ZN47Launch_RetrogradeInertialInsertionVelocity_TestD0Ev
FN:150,_ZN47Launch_RetrogradeInertialInsertionVelocity_Test8TestBodyEv
FN:150,_ZN47Launch_RetrogradeInertialInsertionVelocity_TestC2Ev
FN:150,_ZN47Launch_RetrogradeInertialInsertionVelocity_TestD2Ev
FN:165,_ZN28Launch_GetLaunchWindows_Test8TestBodyEv
FN:165,_ZN28Launch_GetLaunchWindows_TestD0Ev
FN:165,_ZN28Launch_GetLaunchWindows_TestC2Ev
FN:165,_ZN28Launch_GetLaunchWindows_TestD2Ev
FN:201,_ZN33Launch_GetLaunchWindowsByDay_TestD2Ev
FN:201,_ZN33Launch_GetLaunchWindowsByDay_Test8TestBodyEv
FN:201,_ZN33Launch_GetLaunchWindowsByDay_TestD0Ev
FN:201,_ZN33Launch_GetLaunchWindowsByDay_TestC2Ev
FN:229,_ZN48Launch_GetSouthLaunchSiteLaunchWindowsByDay_TestC2Ev
FN:229,_ZN48Launch_GetSouthLaunchSiteLaunchWindowsByDay_TestD0Ev
FN:229,_ZN48Launch_GetSouthLaunchSiteLaunchWindowsByDay_Test8TestBodyEv
FN:229,_ZN48Launch_GetSouthLaunchSiteLaunchWindowsByDay_TestD2Ev
FN:257,_ZN43Launch_GetSouthLaunchSiteLaunchWindows_TestC2Ev
FN:257,_ZN43Launch_GetSouthLaunchSiteLaunchWindows_TestD0Ev
FN:257,_ZN43Launch_GetSouthLaunchSiteLaunchWindows_Test8TestBodyEv
FN:257,_ZN43Launch_GetSouthLaunchSiteLaunchWindows_TestD2Ev
FNDA:1,_ZN37Launch_InertialDescendingAzimuth_TestC2Ev
FNDA:1,_ZN43Launch_GetSouthLaunchSiteLaunchWindows_TestC2Ev
FNDA:1,_ZN50Launch_RetrogradeNonInertialInsertionVelocity_Test8TestBodyEv
FNDA:1,_ZN47Launch_RetrogradeInertialInsertionVelocity_TestD0Ev
FNDA:1,_ZN37Launch_InertialInsertionVelocity_Test8TestBodyEv
FNDA:1,_ZN39Launch_NonInertialAscendingAzimuth_TestD2Ev
FNDA:1,_ZN40Launch_NonInertialDescendingAzimuth_TestD0Ev
FNDA:1,_ZN40Launch_NonInertialDescendingAzimuth_TestC2Ev
FNDA:1,_ZN33Launch_GetLaunchWindowsByDay_Test8TestBodyEv
FNDA:1,_ZN33Launch_GetLaunchWindowsByDay_TestD2Ev
FNDA:1,_ZN48Launch_GetSouthLaunchSiteLaunchWindowsByDay_TestC2Ev
FNDA:1,_ZN43Launch_GetSouthLaunchSiteLaunchWindows_TestD0Ev
FNDA:1,_ZN46Launch_RetrogradeInertialAscendingAzimuth_TestD0Ev
FNDA:1,_ZN37Launch_InertialDescendingAzimuth_TestD0Ev
FNDA:1,_ZN28Launch_GetLaunchWindows_Test8TestBodyEv
FNDA:1,_ZN49Launch_RetrogradeNonInertialAscendingAzimuth_TestD2Ev
FNDA:1,_ZN49Launch_RetrogradeNonInertialAscendingAzimuth_TestD0Ev
FNDA:1,_ZN28Launch_GetLaunchWindows_TestD0Ev
FNDA:1,_ZN36Launch_InertialAscendingAzimuth_TestD0Ev
FNDA:1,_ZN37Launch_InertialDescendingAzimuth_TestD2Ev
FNDA:1,_ZN50Launch_RetrogradeNonInertialInsertionVelocity_TestD2Ev
FNDA:1,_ZN36Launch_InertialAscendingAzimuth_TestC2Ev
FNDA:1,_ZN36Launch_InertialAscendingAzimuth_Test8TestBodyEv
FNDA:1,_ZN46Launch_RetrogradeInertialAscendingAzimuth_TestC2Ev
FNDA:1,_ZN40Launch_NonInertialDescendingAzimuth_TestD2Ev
FNDA:1,_ZN28Launch_GetLaunchWindows_TestC2Ev
FNDA:1,_ZN49Launch_RetrogradeNonInertialAscendingAzimuth_TestC2Ev
FNDA:1,_ZN37Launch_InertialInsertionVelocity_TestC2Ev
FNDA:1,_ZN47Launch_RetrogradeInertialInsertionVelocity_Test8TestBodyEv
FNDA:1,_ZN46Launch_RetrogradeInertialAscendingAzimuth_Test8TestBodyEv
FNDA:1,_ZN48Launch_GetSouthLaunchSiteLaunchWindowsByDay_TestD0Ev
FNDA:1,_ZN37Launch_InertialInsertionVelocity_TestD2Ev
FNDA:1,_ZN48Launch_GetSouthLaunchSiteLaunchWindowsByDay_Test8TestBodyEv
FNDA:1,_ZN43Launch_GetSouthLaunchSiteLaunchWindows_Test8TestBodyEv
FNDA:1,_ZN28Launch_GetLaunchWindows_TestD2Ev
FNDA:1,_ZN36Launch_InertialAscendingAzimuth_TestD2Ev
FNDA:1,_ZN46Launch_RetrogradeInertialAscendingAzimuth_TestD2Ev
FNDA:1,_ZN40Launch_NonInertialInsertionVelocity_TestD2Ev
FNDA:1,_ZN49Launch_RetrogradeNonInertialAscendingAzimuth_Test8TestBodyEv
FNDA:1,_ZN48Launch_GetSouthLaunchSiteLaunchWindowsByDay_TestD2Ev
FNDA:1,_ZN37Launch_InertialInsertionVelocity_TestD0Ev
FNDA:1,_ZN50Launch_RetrogradeNonInertialInsertionVelocity_TestC2Ev
FNDA:1,_ZN40Launch_NonInertialInsertionVelocity_Test8TestBodyEv
FNDA:1,_ZN50Launch_RetrogradeNonInertialInsertionVelocity_TestD0Ev
FNDA:1,_ZN39Launch_NonInertialAscendingAzimuth_TestC2Ev
FNDA:1,_ZN40Launch_NonInertialDescendingAzimuth_Test8TestBodyEv
FNDA:1,_ZN33Launch_GetLaunchWindowsByDay_TestC2Ev
[...]
DA:160,153
DA:162,153
DA:165,153
DA:167,1
DA:168,1
DA:169,1
DA:170,1
DA:175,13247
DA:177,2
DA:180,13245
DA:183,258
DA:185,258
DA:187,122
DA:190,272
DA:192,136
DA:193,136
DA:194,136
DA:195,136
DA:196,136
DA:197,136
DA:200,952
DA:202,5712
DA:204,4896
DA:209,136
DA:211,136
DA:214,0
DA:216,0
DA:219,280
DA:221,280
LF:100
LH:97
end_of_record
TN:
SF:/home/sylvain/Sources/IO/SDK/IO.SDK/OrbitalParameters/StateVector.h
FN:75,_ZN2IO3SDK17OrbitalParameters11StateVectorD2Ev
FN:75,_ZN2IO3SDK17OrbitalParameters11StateVectorD0Ev
FN:85,_ZNK2IO3SDK17OrbitalParameters11StateVector11GetPositionEv
FN:95,_ZNK2IO3SDK17OrbitalParameters11StateVector11GetVelocityEv
FN:105,_ZNK2IO3SDK17OrbitalParameters11StateVector26GetSpecificAngularMomentumEv
FNDA:183,_ZN2IO3SDK17OrbitalParameters11StateVectorD0Ev
FNDA:72491,_ZN2IO3SDK17OrbitalParameters11StateVectorD2Ev
FNDA:40517,_ZNK2IO3SDK17OrbitalParameters11StateVector11GetVelocityEv
FNDA:514,_ZNK2IO3SDK17OrbitalParameters11StateVector26GetSpecificAngularMomentumEv
FNDA:54420,_ZNK2IO3SDK17OrbitalParameters11StateVector11GetPositionEv
FNF:5
FNH:5
DA:75,72674
DA:85,54420
DA:87,54420
DA:95,40517
DA:97,40517
DA:105,514
DA:107,514
LF:7
LH:7
end_of_record
TN:
SF:/home/sylvain/Sources/IO/SDK/IO.SDK/OrbitalParameters/TLE.cpp
FN:8,_ZN2IO3SDK17OrbitalParameters3TLEC2ERKSt10shared_ptrINS0_4Body13CelestialBodyEEPNSt7__cxx1112basic_stringIcSt11char_traitsIcESaIcEEE
FN:34,_ZN2IO3SDK17OrbitalParameters3TLE16GetSatelliteNameB5cxx11Ev
FN:39,_ZN2IO3SDK17OrbitalParameters3TLE22GetBalisticCoefficientEv
FN:44,_ZN2IO3SDK17OrbitalParameters3TLE31GetSecondDerivativeOfMeanMotionEv
FN:49,_ZN2IO3SDK17OrbitalParameters3TLE11GetDragTermEv
FN:54,_ZNK2IO3SDK17OrbitalParameters3TLE9GetPeriodEv
FN:59,_ZNK2IO3SDK17OrbitalParameters3TLE26GetSpecificAngularMomentumEv
FN:64,_ZNK2IO3SDK17OrbitalParameters3TLE14GetStateVectorERKNS0_4Time3TDBE
FN:86,_ZNK2IO3SDK17OrbitalParameters3TLE15GetEccentricityEv
FN:91,_ZNK2IO3SDK17OrbitalParameters3TLE16GetSemiMajorAxisEv
FN:96,_ZNK2IO3SDK17OrbitalParameters3TLE14GetInclinationEv
FN:101,_ZNK2IO3SDK17OrbitalParameters3TLE20GetPeriapsisArgumentEv
FN:106,_ZNK2IO3SDK17OrbitalParameters3TLE30GetRightAscendingNodeLongitudeEv
FN:111,_ZNK2IO3SDK17OrbitalParameters3TLE14GetMeanAnomalyEv
FN:116,_ZNK2IO3SDK17OrbitalParameters3TLE24GetSpecificOrbitalEnergyEv
FNDA:1,_ZN2IO3SDK17OrbitalParameters3TLE22GetBalisticCoefficientEv
FNDA:1,_ZNK2IO3SDK17OrbitalParameters3TLE14GetInclinationEv
FNDA:1,_ZNK2IO3SDK17OrbitalParameters3TLE20GetPeriapsisArgumentEv
FNDA:0,_ZNK2IO3SDK17OrbitalParameters3TLE26GetSpecificAngularMomentumEv
FNDA:0,_ZNK2IO3SDK17OrbitalParameters3TLE24GetSpecificOrbitalEnergyEv
FNDA:1,_ZN2IO3SDK17OrbitalParameters3TLE16GetSatelliteNameB5cxx11Ev
FNDA:1,_ZN2IO3SDK17OrbitalParameters3TLE31GetSecondDerivativeOfMeanMotionEv
FNDA:102,_ZNK2IO3SDK17OrbitalParameters3TLE15GetEccentricityEv
FNDA:1,_ZN2IO3SDK17OrbitalParameters3TLE11GetDragTermEv
FNDA:1,_ZNK2IO3SDK17OrbitalParameters3TLE30GetRightAscendingNodeLongitudeEv
FNDA:27,_ZNK2IO3SDK17OrbitalParameters3TLE9GetPeriodEv
FNDA:258,_ZNK2IO3SDK17OrbitalParameters3TLE14GetStateVectorERKNS0_4Time3TDBE
FNDA:26,_ZNK2IO3SDK17OrbitalParameters3TLE14GetMeanAnomalyEv
FNDA:1,_ZNK2IO3SDK17OrbitalParameters3TLE16GetSemiMajorAxisEv
FNDA:29,_ZN2IO3SDK17OrbitalParameters3TLEC2ERKSt10shared_ptrINS0_4Body13CelestialBodyEEPNSt7__cxx1112basic_stringIcSt11char_traitsIcESaIcEEE
FNF:15
FNH:13
DA:8,29
DA:11,29
DA:12,87
DA:14,58
DA:15,58
DA:20,29
DA:22,29
DA:25,29
DA:28,29
DA:31,29
DA:32,29
DA:34,1
DA:36,1
DA:39,1
DA:41,1
DA:44,1
DA:46,1
DA:49,1
DA:51,1
DA:54,27
DA:56,27
DA:59,0
DA:61,0
DA:64,258
DA:67,258
DA:69,0
DA:70,0
DA:74,258
DA:75,258
DA:78,1806
DA:80,1548
DA:83,516
DA:86,102
DA:88,102
DA:91,1
DA:93,1
DA:96,1
DA:98,1
DA:101,1
DA:103,1
DA:106,1
DA:108,1
DA:111,26
DA:113,26
DA:116,0
DA:118,0
LF:46
LH:40
end_of_record
TN:
SF:/home/sylvain/Sources/IO/SDK/IO.SDK/OrbitalParameters/TLE.h
FN:45,_ZN2IO3SDK17OrbitalParameters3TLED0Ev
FN:45,_ZN2IO3SDK17OrbitalParameters3TLED2Ev
FNDA:3,_ZN2IO3SDK17OrbitalParameters3TLED0Ev
FNDA:29,_ZN2IO3SDK17OrbitalParameters3TLED2Ev
FNF:2
FNH:2
DA:45,32
LF:1
LH:1
end_of_record
TN:
SF:/home/sylvain/Sources/IO/SDK/IO.SDK/Propagators/Propagator.cpp
FN:19,_ZN2IO3SDK11Propagators10PropagatorC2ERKNS0_4Body10Spacecraft10SpacecraftERNS0_11Integrators14IntegratorBaseERKNS0_4Time6WindowINSB_3TDBEEE
FN:25,_ZN2IO3SDK11Propagators10Propagator18SetStandbyManeuverEPNS0_9Maneuvers12ManeuverBaseE
FN:30,_ZN2IO3SDK11Propagators10Propagator9PropagateEv
FN:65,_ZNK2IO3SDK11Propagators10Propagator27FindNearestLowerStateVectorERKNS0_4Time3TDBE
FN:85,_ZN2IO3SDK11Propagators10Propagator14AddStateVectorERKNS0_17OrbitalParameters11StateVectorE
FN:94,_ZN2IO3SDK11Propagators10Propagator19AddStateOrientationERKNS0_17OrbitalParameters16StateOrientationE
FN:104,_ZN2IO3SDK11Propagators10Propagator23EraseDataFromEpochToEndERKNS0_4Time8DateTimeE
FN:121,_ZNK2IO3SDK11Propagators10Propagator15GetStateVectorsEv
FN:126,_ZNK2IO3SDK11Propagators10Propagator25GetLatestStateOrientationEv
FNDA:9,_ZN2IO3SDK11Propagators10Propagator9PropagateEv
FNDA:61,_ZN2IO3SDK11Propagators10Propagator14AddStateVectorERKNS0_17OrbitalParameters11StateVectorE
FNDA:43,_ZN2IO3SDK11Propagators10Propagator19AddStateOrientationERKNS0_17OrbitalParameters16StateOrientationE
FNDA:19,_ZN2IO3SDK11Propagators10Propagator23EraseDataFromEpochToEndERKNS0_4Time8DateTimeE
FNDA:23,_ZNK2IO3SDK11Propagators10Propagator27FindNearestLowerStateVectorERKNS0_4Time3TDBE
FNDA:23,_ZN2IO3SDK11Propagators10Propagator18SetStandbyManeuverEPNS0_9Maneuvers12ManeuverBaseE
FNDA:36,_ZNK2IO3SDK11Propagators10Propagator15GetStateVectorsEv
FNDA:35,_ZN2IO3SDK11Propagators10PropagatorC2ERKNS0_4Body10Spacecraft10SpacecraftERNS0_11Integrators14IntegratorBaseERKNS0_4Time6WindowINSB_3TDBEEE
FNDA:0,_ZNK2IO3SDK11Propagators10Propagator25GetLatestStateOrientationEv
FNF:9
FNH:8
DA:19,35
DA:20,35
DA:22,35
DA:23,35
DA:25,23
DA:27,23
DA:28,23
DA:30,9
DA:33,18
DA:34,9
DA:37,18
DA:38,9
DA:41,13353
DA:43,13344
DA:46,10
DA:47,5
DA:49,0
DA:54,13344
DA:55,13344
DA:59,9
DA:62,9
DA:63,9
DA:65,23
DA:67,23
DA:69,2
DA:71,21
DA:73,21
DA:75,1
DA:77,27
DA:79,7
DA:82,20
DA:85,61
DA:88,61
DA:90,61
DA:92,61
DA:94,43
DA:96,43
DA:98,5
DA:101,43
DA:102,43
DA:104,19
DA:106,19
DA:108,0
DA:111,31
DA:113,26
DA:115,14
DA:117,12
DA:121,36
DA:123,36
DA:126,0
DA:128,0
DA:130,0
DA:133,0
LF:53
LH:47
end_of_record
TN:
SF:/home/sylvain/Sources/IO/SDK/IO.SDK/Sites/LaunchSite.cpp
FN:14,_ZN2IO3SDK5Sites10LaunchSiteC2EiNSt7__cxx1112basic_stringIcSt11char_traitsIcESaIcEEENS0_11Coordinates8GeodeticESt10shared_ptrINS0_4Body13CelestialBodyEE
FN:18,_ZN2IO3SDK5Sites10LaunchSite21AddAzimuthLaunchRangeERNS0_11Coordinates12AzimuthRangeE
FN:32,_ZN2IO3SDK5Sites10LaunchSite24ClearAzimuthLaunchRangesEv
FN:37,_ZNK2IO3SDK5Sites10LaunchSite22IsAzimuthLaunchAllowedEd
FNDA:1,_ZN2IO3SDK5Sites10LaunchSite24ClearAzimuthLaunchRangesEv
FNDA:4,_ZNK2IO3SDK5Sites10LaunchSite22IsAzimuthLaunchAllowedEd
FNDA:18,_ZN2IO3SDK5Sites10LaunchSiteC2EiNSt7__cxx1112basic_stringIcSt11char_traitsIcESaIcEEENS0_11Coordinates8GeodeticESt10shared_ptrINS0_4Body13CelestialBodyEE
FNDA:4,_ZN2IO3SDK5Sites10LaunchSite21AddAzimuthLaunchRangeERNS0_11Coordinates12AzimuthRangeE
FNF:4
FNH:4
DA:14,18
DA:16,18
DA:18,4
DA:20,4
DA:22,1
DA:24,1
DA:28,3
DA:30,3
DA:32,1
DA:34,1
DA:35,1
DA:37,4
DA:39,5
DA:41,3
DA:43,2
DA:47,2
LF:16
LH:16
end_of_record
TN:
SF:/home/sylvain/Sources/IO/SDK/IO.SDK/Sites/LaunchSite.h
FN:43,_ZN2IO3SDK5Sites10LaunchSiteD0Ev
FN:43,_ZN2IO3SDK5Sites10LaunchSiteD2Ev
FNDA:0,_ZN2IO3SDK5Sites10LaunchSiteD0Ev
FNDA:18,_ZN2IO3SDK5Sites10LaunchSiteD2Ev
FNF:2
FNH:1
DA:43,18
LF:1
LH:1
end_of_record
TN:
SF:/home/sylvain/Sources/IO/SDK/IO.SDK/Sites/Site.cpp
FN:24,_ZN2IO3SDK5Sites4SiteC2EiRKNSt7__cxx1112basic_stringIcSt11char_traitsIcESaIcEEERKNS0_11Coordinates8GeodeticERSt10shared_ptrINS0_4Body13CelestialBodyEE
FN:29,_ZNK2IO3SDK5Sites4Site14GetStateVectorENS0_6Frames6FramesERKNS0_4Time3TDBE
FN:39,_ZNK2IO3SDK5Sites4Site8GetRADecERKNS0_4Body4BodyENS0_15AberrationsEnumERKNS0_4Time3TDBE
FN:55,_ZNK2IO3SDK5Sites4Site15GetIlluminationENS0_15AberrationsEnumERKNS0_4Time3TDBE
FN:73,_ZNK2IO3SDK5Sites4Site5IsDayERKNS0_4Time3TDBEd
FN:78,_ZNK2IO3SDK5Sites4Site7IsNightERKNS0_4Time3TDBEd
FN:83,_ZNK2IO3SDK5Sites4Site14FindDayWindowsERKNS0_4Time6WindowINS3_3UTCEEEd
FN:89,_ZNK2IO3SDK5Sites4Site16FindNightWindowsERKNS0_4Time6WindowINS3_3UTCEEEd
FN:95,_ZNK2IO3SDK5Sites4Site35FindWindowsOnIlluminationConstraintERKNS0_4Time6WindowINS3_3UTCEEERKNS0_4Body4BodyERKNS0_17IlluminationAngleERKNS0_10ConstraintEd
FN:127,_ZNK2IO3SDK5Sites4Site24GetHorizontalCoordinatesERKNS0_4Body4BodyENS0_15AberrationsEnumERKNS0_4Time3TDBE
FN:149,_ZNK2IO3SDK5Sites4Site14GetStateVectorERKNS0_4Body4BodyENS0_6Frames6FramesENS0_15AberrationsEnumERKNS0_4Time3TDBE
FNDA:5,_ZNK2IO3SDK5Sites4Site15GetIlluminationENS0_15AberrationsEnumERKNS0_4Time3TDBE
FNDA:6,_ZNK2IO3SDK5Sites4Site14GetStateVectorERKNS0_4Body4BodyENS0_6Frames6FramesENS0_15AberrationsEnumERKNS0_4Time3TDBE
FNDA:5,_ZNK2IO3SDK5Sites4Site14FindDayWindowsERKNS0_4Time6WindowINS3_3UTCEEEd
FNDA:29,_ZN2IO3SDK5Sites4SiteC2EiRKNSt7__cxx1112basic_stringIcSt11char_traitsIcESaIcEEERKNS0_11Coordinates8GeodeticERSt10shared_ptrINS0_4Body13CelestialBodyEE
FNDA:2,_ZNK2IO3SDK5Sites4Site7IsNightERKNS0_4Time3TDBEd
FNDA:2,_ZNK2IO3SDK5Sites4Site5IsDayERKNS0_4Time3TDBEd
FNDA:130,_ZNK2IO3SDK5Sites4Site14GetStateVectorENS0_6Frames6FramesERKNS0_4Time3TDBE
FNDA:1,_ZNK2IO3SDK5Sites4Site16FindNightWindowsERKNS0_4Time6WindowINS3_3UTCEEEd
FNDA:1,_ZNK2IO3SDK5Sites4Site8GetRADecERKNS0_4Body4BodyENS0_15AberrationsEnumERKNS0_4Time3TDBE
FNDA:4,_ZNK2IO3SDK5Sites4Site24GetHorizontalCoordinatesERKNS0_4Body4BodyENS0_15AberrationsEnumERKNS0_4Time3TDBE
FNDA:7,_ZNK2IO3SDK5Sites4Site35FindWindowsOnIlluminationConstraintERKNS0_4Time6WindowINS3_3UTCEEERKNS0_4Body4BodyERKNS0_17IlluminationAngleERKNS0_10ConstraintEd
FNF:11
FNH:11
DA:24,29
DA:26,29
DA:27,29
DA:29,130
DA:31,130
DA:33,130
DA:34,260
DA:36,260
DA:39,1
DA:41,1
DA:42,2
DA:44,2
DA:46,1
DA:48,1
DA:50,1
DA:52,2
DA:55,5
DA:58,5
DA:68,5
DA:70,10
DA:73,2
DA:75,2
DA:78,2
DA:80,2
DA:83,5
DA:85,15
DA:86,10
DA:89,1
DA:91,3
DA:92,2
DA:95,7
DA:97,7
DA:99,7
DA:106,7
DA:107,7
DA:110,7
DA:113,7
DA:115,7
DA:117,7
DA:119,18
DA:121,11
DA:122,11
DA:124,14
DA:127,4
DA:129,8
DA:130,4
DA:131,4
DA:135,4
DA:137,4
DA:139,3
DA:143,1
DA:146,8
DA:149,6
DA:151,6
DA:152,12
DA:154,6
DA:156,18
LF:57
LH:57
end_of_record
TN:
SF:/home/sylvain/Sources/IO/SDK/IO.SDK/Sites/Site.h
FN:57,_ZN2IO3SDK5Sites4SiteD0Ev
FN:57,_ZN2IO3SDK5Sites4SiteD2Ev
FN:64,_ZNK2IO3SDK5Sites4Site5GetIdEv
FN:71,_ZNK2IO3SDK5Sites4Site7GetNameB5cxx11Ev
FN:78,_ZNK2IO3SDK5Sites4Site14GetCoordinatesEv
FN:85,_ZNK2IO3SDK5Sites4Site7GetBodyEv
FNDA:0,_ZN2IO3SDK5Sites4SiteD0Ev
FNDA:413,_ZNK2IO3SDK5Sites4Site5GetIdEv
FNDA:467,_ZNK2IO3SDK5Sites4Site7GetBodyEv
FNDA:84,_ZNK2IO3SDK5Sites4Site14GetCoordinatesEv
FNDA:87,_ZNK2IO3SDK5Sites4Site7GetNameB5cxx11Ev
FNDA:29,_ZN2IO3SDK5Sites4SiteD2Ev
FNF:6
FNH:5
DA:57,29
DA:64,413
DA:71,87
DA:78,84
DA:85,467
LF:5
LH:5
end_of_record
TN:
SF:/home/sylvain/Sources/IO/SDK/IO.SDK/Spice/Builder.cpp
FN:3,_ZN2IO3SDK5Spice7Builder16CreateDoubleCellEiPd
FNDA:25,_ZN2IO3SDK5Spice7Builder16CreateDoubleCellEiPd
FNF:1
FNH:1
DA:3,25
DA:5,25
LF:2
LH:2
end_of_record
TN:
SF:/home/sylvain/Sources/IO/SDK/IO.SDK/Time/DateTime.cpp
FN:4,_ZN2IO3SDK4Time8DateTimeC2Ev
FN:8,_ZN2IO3SDK4Time8DateTimeC2ENSt6chrono8durationIdSt5ratioILl1ELl1EEEE
FN:12,_ZN2IO3SDK4Time8DateTimeC2ERKS2_
FN:16,_ZNK2IO3SDK4Time8DateTime19GetSecondsFromJ2000Ev
FN:21,_ZNK2IO3SDK4Time8DateTime9SubstractERKS2_
FN:26,_ZNK2IO3SDK4Time8DateTimemiERKS2_
FN:31,_ZNK2IO3SDK4Time8DateTimeeqERKS2_
FN:36,_ZNK2IO3SDK4Time8DateTimeneERKS2_
FN:41,_ZNK2IO3SDK4Time8DateTimegtERKS2_
FN:46,_ZNK2IO3SDK4Time8DateTimegeERKS2_
FN:51,_ZNK2IO3SDK4Time8DateTimeltERKS2_
FN:56,_ZNK2IO3SDK4Time8DateTimeleERKS2_
FN:61,_ZNK2IO3SDK4Time8DateTime8ToJulianEv
FN:66,_ZNK2IO3SDK4Time8DateTime18CenturiesFromJ2000Ev
FN:71,_ZN2IO3SDK4Time8DateTimeaSERKS2_
FNDA:3,_ZNK2IO3SDK4Time8DateTime8ToJulianEv
FNDA:13450,_ZNK2IO3SDK4Time8DateTimeltERKS2_
FNDA:31,_ZNK2IO3SDK4Time8DateTimegtERKS2_
FNDA:44,_ZNK2IO3SDK4Time8DateTimegeERKS2_
FNDA:13783,_ZNK2IO3SDK4Time8DateTime9SubstractERKS2_
FNDA:106,_ZNK2IO3SDK4Time8DateTimeleERKS2_
FNDA:161281,_ZN2IO3SDK4Time8DateTimeC2ENSt6chrono8durationIdSt5ratioILl1ELl1EEEE
FNDA:1,_ZNK2IO3SDK4Time8DateTime18CenturiesFromJ2000Ev
FNDA:149,_ZN2IO3SDK4Time8DateTimeC2Ev
FNDA:1,_ZNK2IO3SDK4Time8DateTimeneERKS2_
FNDA:14177,_ZN2IO3SDK4Time8DateTimeaSERKS2_
FNDA:36,_ZNK2IO3SDK4Time8DateTimemiERKS2_
FNDA:145785,_ZN2IO3SDK4Time8DateTimeC2ERKS2_
FNDA:31166,_ZNK2IO3SDK4Time8DateTime19GetSecondsFromJ2000Ev
FNDA:48,_ZNK2IO3SDK4Time8DateTimeeqERKS2_
FNF:15
FNH:15
DA:4,149
DA:6,149
DA:8,161281
DA:10,161281
DA:12,145785
DA:14,145785
DA:16,31166
DA:18,31166
DA:21,13783
DA:23,13783
DA:26,36
DA:28,36
DA:31,48
DA:33,48
DA:36,1
DA:38,1
DA:41,31
DA:43,31
DA:46,44
DA:48,44
DA:51,13450
DA:53,13450
DA:56,106
DA:58,106
DA:61,3
DA:63,3
DA:66,1
DA:68,1
DA:71,14177
DA:74,14177
DA:75,0
DA:77,14177
DA:79,14177
LF:33
LH:32
end_of_record
TN:
SF:/home/sylvain/Sources/IO/SDK/IO.SDK/Time/DateTime.h
FN:29,_ZN2IO3SDK4Time8DateTimeD2Ev
FN:29,_ZN2IO3SDK4Time8DateTimeD0Ev
FNDA:0,_ZN2IO3SDK4Time8DateTimeD0Ev
FNDA:161430,_ZN2IO3SDK4Time8DateTimeD2Ev
FNF:2
FNH:1
DA:29,161430
LF:1
LH:1
end_of_record
TN:
SF:/home/sylvain/Sources/IO/SDK/IO.SDK/Time/TDB.cpp
FN:14,_ZN2IO3SDK4Time3TDBC2ENSt6chrono8durationIdSt5ratioILl1ELl1EEEE
FN:18,_ZN2IO3SDK4Time3TDBC2ENSt7__cxx1112basic_stringIcSt11char_traitsIcESaIcEEE
FN:25,_ZNK2IO3SDK4Time3TDB8ToStringB5cxx11Ev
FN:32,_ZNK2IO3SDK4Time3TDB3AddERKNS1_8TimeSpanE
FN:37,_ZNK2IO3SDK4Time3TDBplERKNS1_8TimeSpanE
FN:42,_ZNK2IO3SDK4Time3TDBmiERKNS1_8TimeSpanE
FN:47,_ZNK2IO3SDK4Time3TDBmiERKS2_
FN:52,_ZNK2IO3SDK4Time3TDB5ToUTCEv
FNDA:15372,_ZN2IO3SDK4Time3TDBC2ENSt6chrono8durationIdSt5ratioILl1ELl1EEEE
FNDA:14115,_ZNK2IO3SDK4Time3TDB3AddERKNS1_8TimeSpanE
FNDA:27,_ZNK2IO3SDK4Time3TDBmiERKNS1_8TimeSpanE
FNDA:26,_ZNK2IO3SDK4Time3TDB8ToStringB5cxx11Ev
FNDA:14115,_ZNK2IO3SDK4Time3TDBplERKNS1_8TimeSpanE
FNDA:13746,_ZNK2IO3SDK4Time3TDBmiERKS2_
FNDA:29,_ZNK2IO3SDK4Time3TDB5ToUTCEv
FNDA:137,_ZN2IO3SDK4Time3TDBC2ENSt7__cxx1112basic_stringIcSt11char_traitsIcESaIcEEE
FNF:8
FNH:8
DA:14,15372
DA:16,15372
DA:18,137
DA:21,137
DA:22,137
DA:23,137
DA:25,26
DA:28,26
DA:29,26
DA:32,14115
DA:34,28230
DA:37,14115
DA:39,14115
DA:42,27
DA:44,54
DA:47,13746
DA:49,13746
DA:52,29
DA:54,29
DA:55,29
DA:56,58
LF:21
LH:21
end_of_record
TN:
SF:/home/sylvain/Sources/IO/SDK/IO.SDK/Time/TimeSpan.cpp
FN:3,_ZN2IO3SDK4Time8TimeSpanC2Ev
FN:7,_ZN2IO3SDK4Time8TimeSpanC2ENSt6chrono8durationIdSt5ratioILl1ELl1EEEE
FN:11,_ZNK2IO3SDK4Time8TimeSpan14GetNanosecondsEv
FN:16,_ZNK2IO3SDK4Time8TimeSpan15GetMicrosecondsEv
FN:21,_ZNK2IO3SDK4Time8TimeSpan15GetMillisecondsEv
FN:26,_ZNK2IO3SDK4Time8TimeSpan10GetSecondsEv
FN:31,_ZNK2IO3SDK4Time8TimeSpan10GetMinutesEv
FN:36,_ZNK2IO3SDK4Time8TimeSpan8GetHoursEv
FN:41,_ZNK2IO3SDK4Time8TimeSpanplERKS2_
FN:46,_ZNK2IO3SDK4Time8TimeSpanplEd
FN:51,_ZNK2IO3SDK4Time8TimeSpanmiERKS2_
FN:56,_ZNK2IO3SDK4Time8TimeSpanmlEd
FN:61,_ZNK2IO3SDK4Time8TimeSpandvEd
FN:66,_ZNK2IO3SDK4Time8TimeSpaneqERKS2_
FN:71,_ZNK2IO3SDK4Time8TimeSpanneERKS2_
FN:76,_ZNK2IO3SDK4Time8TimeSpangtERKS2_
FN:81,_ZNK2IO3SDK4Time8TimeSpangeERKS2_
FN:86,_ZNK2IO3SDK4Time8TimeSpanltERKS2_
FN:91,_ZNK2IO3SDK4Time8TimeSpanleERKS2_
FNDA:0,_ZNK2IO3SDK4Time8TimeSpanleERKS2_
FNDA:21,_ZNK2IO3SDK4Time8TimeSpandvEd
FNDA:13119,_ZNK2IO3SDK4Time8TimeSpanneERKS2_
FNDA:15947,_ZNK2IO3SDK4Time8TimeSpan10GetSecondsEv
FNDA:76,_ZNK2IO3SDK4Time8TimeSpanmlEd
FNDA:0,_ZNK2IO3SDK4Time8TimeSpanplEd
FNDA:14344,_ZN2IO3SDK4Time8TimeSpanC2ENSt6chrono8durationIdSt5ratioILl1ELl1EEEE
FNDA:1,_ZNK2IO3SDK4Time8TimeSpan10GetMinutesEv
FNDA:1,_ZNK2IO3SDK4Time8TimeSpan14GetNanosecondsEv
FNDA:192,_ZN2IO3SDK4Time8TimeSpanC2Ev
FNDA:19,_ZNK2IO3SDK4Time8TimeSpanplERKS2_
FNDA:8,_ZNK2IO3SDK4Time8TimeSpan8GetHoursEv
FNDA:0,_ZNK2IO3SDK4Time8TimeSpangeERKS2_
FNDA:1,_ZNK2IO3SDK4Time8TimeSpan15GetMicrosecondsEv
FNDA:39,_ZNK2IO3SDK4Time8TimeSpanltERKS2_
FNDA:1,_ZNK2IO3SDK4Time8TimeSpanmiERKS2_
FNDA:17,_ZNK2IO3SDK4Time8TimeSpangtERKS2_
FNDA:1,_ZNK2IO3SDK4Time8TimeSpan15GetMillisecondsEv
FNDA:3,_ZNK2IO3SDK4Time8TimeSpaneqERKS2_
FNF:19
FNH:16
DA:3,192
DA:5,192
DA:7,14344
DA:9,14344
DA:11,1
DA:13,1
DA:16,1
DA:18,1
DA:21,1
DA:23,1
DA:26,15947
DA:28,15947
DA:31,1
DA:33,1
DA:36,8
DA:38,8
DA:41,19
DA:43,19
DA:46,0
DA:48,0
DA:51,1
DA:53,1
DA:56,76
DA:58,76
DA:61,21
DA:63,21
DA:66,3
DA:68,3
DA:71,13119
DA:73,13119
DA:76,17
DA:78,17
DA:81,0
DA:83,0
DA:86,39
DA:88,39
DA:91,0
DA:93,0
LF:38
LH:32
end_of_record
TN:
SF:/home/sylvain/Sources/IO/SDK/IO.SDK/Time/UTC.cpp
FN:16,_ZN2IO3SDK4Time3UTCC2ENSt6chrono8durationIdSt5ratioILl1ELl1EEEE
FN:20,_ZN2IO3SDK4Time3UTCC2ENSt7__cxx1112basic_stringIcSt11char_traitsIcESaIcEEE
FN:34,_ZNK2IO3SDK4Time3UTC8ToStringB5cxx11Ev
FN:43,_ZNK2IO3SDK4Time3UTC5ToTDBEv
FN:50,_ZNK2IO3SDK4Time3UTC3AddERKNS1_8TimeSpanE
FN:55,_ZNK2IO3SDK4Time3UTCplERKNS1_8TimeSpanE
FNDA:91,_ZNK2IO3SDK4Time3UTCplERKNS1_8TimeSpanE
FNDA:124,_ZN2IO3SDK4Time3UTCC2ENSt6chrono8durationIdSt5ratioILl1ELl1EEEE
FNDA:12,_ZN2IO3SDK4Time3UTCC2ENSt7__cxx1112basic_stringIcSt11char_traitsIcESaIcEEE
FNDA:91,_ZNK2IO3SDK4Time3UTC3AddERKNS1_8TimeSpanE
FNDA:122,_ZNK2IO3SDK4Time3UTC5ToTDBEv
FNDA:13,_ZNK2IO3SDK4Time3UTC8ToStringB5cxx11Ev
FNF:6
FNH:6
DA:16,124
DA:18,124
DA:20,12
DA:24,12
DA:26,12
DA:28,0
DA:31,12
DA:32,12
DA:34,13
DA:38,13
DA:39,13
DA:40,13
DA:43,122
DA:45,122
DA:46,122
DA:47,244
DA:50,91
DA:52,182
DA:55,91
DA:57,91
LF:20
LH:19
end_of_record
TN:
SF:/home/sylvain/Sources/IO/SDK/IO.SDK/Time/UTC.h
FN:31,_ZN2IO3SDK4Time3UTCD0Ev
FN:31,_ZN2IO3SDK4Time3UTCD2Ev
FNDA:0,_ZN2IO3SDK4Time3UTCD0Ev
FNDA:452,_ZN2IO3SDK4Time3UTCD2Ev
FNF:2
FNH:1
DA:31,452
LF:1
LH:1
end_of_record
TN:
SF:/home/sylvain/Sources/IO/SDK/IO.SDK/Time/Window.h
FN:23,_ZN2IO3SDK4Time6WindowINS1_3TDBEEC2ES3_NS1_8TimeSpanE
FN:24,_ZN2IO3SDK4Time6WindowINS1_3TDBEEC2ES3_S3_
FN:24,_ZN2IO3SDK4Time6WindowINS1_3UTCEEC2ES3_S3_
FN:25,_ZN2IO3SDK4Time6WindowINS1_3UTCEEC2ERKS4_
FN:25,_ZN2IO3SDK4Time6WindowINS1_3TDBEEC2ERKS4_
FN:29,_ZNK2IO3SDK4Time6WindowINS1_3TDBEE12GetStartDateEv
FN:29,_ZNK2IO3SDK4Time6WindowINS1_3UTCEE12GetStartDateEv
FN:30,_ZNK2IO3SDK4Time6WindowINS1_3UTCEE10GetEndDateEv
FN:30,_ZNK2IO3SDK4Time6WindowINS1_3TDBEE10GetEndDateEv
FN:31,_ZNK2IO3SDK4Time6WindowINS1_3TDBEE9GetLengthEv
FN:31,_ZNK2IO3SDK4Time6WindowINS1_3UTCEE9GetLengthEv
FN:32,_ZNK2IO3SDK4Time6WindowINS1_3UTCEEeqERKS4_
FN:32,_ZNK2IO3SDK4Time6WindowINS1_3TDBEEeqERKS4_
FN:33,_ZNK2IO3SDK4Time6WindowINS1_3TDBEEneERKS4_
FN:34,_ZNK2IO3SDK4Time6WindowINS1_3TDBEE12ItIntersectsERKS4_
FN:34,_ZNK2IO3SDK4Time6WindowINS1_3UTCEE12ItIntersectsERKS4_
FN:44,_ZNK2IO3SDK4Time6WindowINS1_3UTCEE15GetIntersectionERKS4_
FN:56,_ZN2IO3SDK4Time6WindowINS1_3UTCEEaSERKS4_
FNDA:5,_ZNK2IO3SDK4Time6WindowINS1_3UTCEE9GetLengthEv
FNDA:2,_ZNK2IO3SDK4Time6WindowINS1_3TDBEEneERKS4_
FNDA:3,_ZNK2IO3SDK4Time6WindowINS1_3UTCEE15GetIntersectionERKS4_
FNDA:48,_ZN2IO3SDK4Time6WindowINS1_3TDBEEC2ERKS4_
FNDA:114,_ZNK2IO3SDK4Time6WindowINS1_3UTCEE10GetEndDateEv
FNDA:0,_ZN2IO3SDK4Time6WindowINS1_3UTCEEaSERKS4_
FNDA:40,_ZN2IO3SDK4Time6WindowINS1_3UTCEEC2ERKS4_
FNDA:91,_ZNK2IO3SDK4Time6WindowINS1_3TDBEE12GetStartDateEv
FNDA:12,_ZNK2IO3SDK4Time6WindowINS1_3TDBEE12ItIntersectsERKS4_
FNDA:39,_ZNK2IO3SDK4Time6WindowINS1_3TDBEE9GetLengthEv
FNDA:8,_ZNK2IO3SDK4Time6WindowINS1_3UTCEE12ItIntersectsERKS4_
FNDA:78,_ZN2IO3SDK4Time6WindowINS1_3TDBEEC2ES3_S3_
FNDA:24,_ZN2IO3SDK4Time6WindowINS1_3TDBEEC2ES3_NS1_8TimeSpanE
FNDA:7,_ZNK2IO3SDK4Time6WindowINS1_3TDBEEeqERKS4_
FNDA:32,_ZN2IO3SDK4Time6WindowINS1_3UTCEEC2ES3_S3_
FNDA:34,_ZNK2IO3SDK4Time6WindowINS1_3UTCEE12GetStartDateEv
FNDA:13407,_ZNK2IO3SDK4Time6WindowINS1_3TDBEE10GetEndDateEv
FNDA:1,_ZNK2IO3SDK4Time6WindowINS1_3UTCEEeqERKS4_
FNF:18
FNH:17
DA:23,24
DA:24,110
DA:25,88
DA:27,88
DA:29,125
DA:30,13521
DA:31,44
DA:32,8
DA:33,2
DA:34,20
DA:36,20
DA:44,3
DA:46,3
DA:48,0
DA:51,6
DA:52,3
DA:53,6
DA:56,0
DA:59,0
DA:60,0
DA:62,0
DA:63,0
DA:64,0
DA:65,0
LF:24
LH:16
end_of_record
